#
# There is insufficient memory for the Java Runtime Environment to continue.
# Native memory allocation (mmap) failed to map 254803968 bytes for G1 virtual space
# Possible reasons:
#   The system is out of physical RAM or swap space
#   The process is running with CompressedOops enabled, and the Java Heap may be blocking the growth of the native heap
# Possible solutions:
#   Reduce memory load on the system
#   Increase physical memory or swap space
#   Check if swap backing store is full
#   Decrease Java heap size (-Xmx/-Xms)
#   Decrease number of Java threads
#   Decrease Java thread stack sizes (-Xss)
#   Set larger code cache with -XX:ReservedCodeCacheSize=
#   JVM is running with Unscaled Compressed Oops mode in which the Java heap is
#     placed in the first 4GB address space. The Java Heap base address is the
#     maximum limit for the native heap growth. Please use -XX:HeapBaseMinAddress
#     to set the Java Heap base and to place the Java Heap above 4GB virtual address.
# This output file may be truncated or incomplete.
#
#  Out of Memory Error (os_windows.cpp:3548), pid=24772, tid=18128
#
# JRE version: Java(TM) SE Runtime Environment (17.0.12+8) (build 17.0.12+8-LTS-286)
# Java VM: Java HotSpot(TM) 64-Bit Server VM (17.0.12+8-LTS-286, mixed mode, sharing, tiered, compressed oops, compressed class ptrs, g1 gc, windows-amd64)
# No core dump will be written. Minidumps are not enabled by default on client versions of Windows
#

---------------  S U M M A R Y ------------

Command Line: --enable-native-access=ALL-UNNAMED -Dclassworlds.conf=C:\Users\thuan\.m2\wrapper\dists\apache-maven-3.9.14\ed7edd442f634ac1c1ef5ba2b61b6d690b5221091f1a8e1123f5fadcc967520d\bin\m2.conf -Dmaven.home=C:\Users\thuan\.m2\wrapper\dists\apache-maven-3.9.14\ed7edd442f634ac1c1ef5ba2b61b6d690b5221091f1a8e1123f5fadcc967520d -Dlibrary.jansi.path=C:\Users\thuan\.m2\wrapper\dists\apache-maven-3.9.14\ed7edd442f634ac1c1ef5ba2b61b6d690b5221091f1a8e1123f5fadcc967520d\lib\jansi-native -Dmaven.multiModuleProjectDirectory=D:\HuuThuan - Project\SAM\BE-SAM-Editor org.codehaus.plexus.classworlds.launcher.Launcher spring-boot:run

Host: 11th Gen Intel(R) Core(TM) i7-11800H @ 2.30GHz, 16 cores, 7G,  Windows 11 , 64 bit Build 26100 (10.0.26100.8115)
Time: Sun Apr 12 21:53:38 2026 SE Asia Standard Time elapsed time: 6.137016 seconds (0d 0h 0m 6s)

---------------  T H R E A D  ---------------

Current thread (0x000001ed7ed15800):  VMThread "VM Thread" [stack: 0x00000096c9c00000,0x00000096c9d00000] [id=18128]

Stack: [0x00000096c9c00000,0x00000096c9d00000]
Native frames: (J=compiled Java code, j=interpreted, Vv=VM code, C=native code)
V  [jvm.dll+0x67a04a]
V  [jvm.dll+0x7da4ed]
V  [jvm.dll+0x7dbe33]
V  [jvm.dll+0x7dc4a3]
V  [jvm.dll+0x24508f]
V  [jvm.dll+0x677089]
V  [jvm.dll+0x66bd32]
V  [jvm.dll+0x301fa6]
V  [jvm.dll+0x309546]
V  [jvm.dll+0x359d2e]
V  [jvm.dll+0x359f5f]
V  [jvm.dll+0x2d9078]
V  [jvm.dll+0x2d74ad]
V  [jvm.dll+0x2d6afc]
V  [jvm.dll+0x31a65b]
V  [jvm.dll+0x7e0d9b]
V  [jvm.dll+0x7e1ad4]
V  [jvm.dll+0x7e1fed]
V  [jvm.dll+0x7e23c4]
V  [jvm.dll+0x7e2490]
V  [jvm.dll+0x78abea]
V  [jvm.dll+0x678f35]
C  [ucrtbase.dll+0x37b0]
C  [KERNEL32.DLL+0x2e8d7]
C  [ntdll.dll+0x8c3fc]

VM_Operation (0x00000096c96fc730): G1CollectForAllocation, mode: safepoint, requested by thread 0x000001ed60302b00


---------------  P R O C E S S  ---------------

Threads class SMR info:
_java_thread_list=0x000001ed4601a140, length=16, elements={
0x000001ed60302b00, 0x000001ed7ed1b1b0, 0x000001ed7ed1bb70, 0x000001ed7ed304f0,
0x000001ed7ed30eb0, 0x000001ed7ed31870, 0x000001ed7ed32230, 0x000001ed7ed32fd0,
0x000001ed7ed33a80, 0x000001ed7ed36490, 0x000001ed7ed7dcf0, 0x000001ed7f034200,
0x000001ed7f0388a0, 0x000001ed4510e430, 0x000001ed451e9ab0, 0x000001ed45483f60
}

Java Threads: ( => current thread )
  0x000001ed60302b00 JavaThread "main" [_thread_blocked, id=32004, stack(0x00000096c9600000,0x00000096c9700000)]
  0x000001ed7ed1b1b0 JavaThread "Reference Handler" daemon [_thread_blocked, id=27024, stack(0x00000096c9d00000,0x00000096c9e00000)]
  0x000001ed7ed1bb70 JavaThread "Finalizer" daemon [_thread_blocked, id=26244, stack(0x00000096c9e00000,0x00000096c9f00000)]
  0x000001ed7ed304f0 JavaThread "Signal Dispatcher" daemon [_thread_blocked, id=18328, stack(0x00000096c9f00000,0x00000096ca000000)]
  0x000001ed7ed30eb0 JavaThread "Attach Listener" daemon [_thread_blocked, id=27344, stack(0x00000096ca000000,0x00000096ca100000)]
  0x000001ed7ed31870 JavaThread "Service Thread" daemon [_thread_blocked, id=22556, stack(0x00000096ca100000,0x00000096ca200000)]
  0x000001ed7ed32230 JavaThread "Monitor Deflation Thread" daemon [_thread_blocked, id=27956, stack(0x00000096ca200000,0x00000096ca300000)]
  0x000001ed7ed32fd0 JavaThread "C2 CompilerThread0" daemon [_thread_blocked, id=23928, stack(0x00000096ca300000,0x00000096ca400000)]
  0x000001ed7ed33a80 JavaThread "C1 CompilerThread0" daemon [_thread_blocked, id=15248, stack(0x00000096ca400000,0x00000096ca500000)]
  0x000001ed7ed36490 JavaThread "Sweeper thread" daemon [_thread_blocked, id=27188, stack(0x00000096ca500000,0x00000096ca600000)]
  0x000001ed7ed7dcf0 JavaThread "C1 CompilerThread1" daemon [_thread_blocked, id=10424, stack(0x00000096ca600000,0x00000096ca700000)]
  0x000001ed7f034200 JavaThread "Notification Thread" daemon [_thread_blocked, id=32432, stack(0x00000096ca700000,0x00000096ca800000)]
  0x000001ed7f0388a0 JavaThread "Common-Cleaner" daemon [_thread_blocked, id=32100, stack(0x00000096ca900000,0x00000096caa00000)]
  0x000001ed4510e430 JavaThread "C2 CompilerThread1" daemon [_thread_blocked, id=11988, stack(0x00000096cb300000,0x00000096cb400000)]
  0x000001ed451e9ab0 JavaThread "Thread-1" daemon [_thread_blocked, id=23452, stack(0x00000096cb500000,0x00000096cb600000)]
  0x000001ed45483f60 JavaThread "C2 CompilerThread2" daemon [_thread_blocked, id=33716, stack(0x00000096cb400000,0x00000096cb500000)]

Other Threads:
=>0x000001ed7ed15800 VMThread "VM Thread" [stack: 0x00000096c9c00000,0x00000096c9d00000] [id=18128]
  0x000001ed603a7580 WatcherThread [stack: 0x00000096ca800000,0x00000096ca900000] [id=3580]
  0x000001ed60362680 GCTaskThread "GC Thread#0" [stack: 0x00000096c9700000,0x00000096c9800000] [id=30488]
  0x000001ed7f10a440 GCTaskThread "GC Thread#1" [stack: 0x00000096cac00000,0x00000096cad00000] [id=3292]
  0x000001ed7f8cb440 GCTaskThread "GC Thread#2" [stack: 0x00000096cad00000,0x00000096cae00000] [id=8996]
  0x000001ed7fa2dd10 GCTaskThread "GC Thread#3" [stack: 0x00000096cae00000,0x00000096caf00000] [id=21216]
  0x000001ed7fa14490 GCTaskThread "GC Thread#4" [stack: 0x00000096caf00000,0x00000096cb000000] [id=19404]
  0x000001ed7fa14750 GCTaskThread "GC Thread#5" [stack: 0x00000096cb000000,0x00000096cb100000] [id=21912]
  0x000001ed7fa14a10 GCTaskThread "GC Thread#6" [stack: 0x00000096cb100000,0x00000096cb200000] [id=31400]
  0x000001ed7fa85220 GCTaskThread "GC Thread#7" [stack: 0x00000096caa00000,0x00000096cab00000] [id=19192]
  0x000001ed7fa85a60 GCTaskThread "GC Thread#8" [stack: 0x00000096cb200000,0x00000096cb300000] [id=7240]
  0x000001ed7fa85fe0 GCTaskThread "GC Thread#9" [stack: 0x00000096cb600000,0x00000096cb700000] [id=24208]
  0x000001ed7fa862a0 GCTaskThread "GC Thread#10" [stack: 0x00000096cb700000,0x00000096cb800000] [id=20996]
  0x000001ed7fa86560 GCTaskThread "GC Thread#11" [stack: 0x00000096cb800000,0x00000096cb900000] [id=16468]
  0x000001ed7fa86820 GCTaskThread "GC Thread#12" [stack: 0x00000096cb900000,0x00000096cba00000] [id=10648]
  0x000001ed60372b90 ConcurrentGCThread "G1 Main Marker" [stack: 0x00000096c9800000,0x00000096c9900000] [id=20568]
  0x000001ed60374170 ConcurrentGCThread "G1 Conc#0" [stack: 0x00000096c9900000,0x00000096c9a00000] [id=32564]
  0x000001ed603ce1e0 ConcurrentGCThread "G1 Refine#0" [stack: 0x00000096c9a00000,0x00000096c9b00000] [id=27044]
  0x000001ed603ce9b0 ConcurrentGCThread "G1 Service" [stack: 0x00000096c9b00000,0x00000096c9c00000] [id=28848]

Threads with active compile tasks:
C2 CompilerThread0     6158 5612       4       java.util.jar.Manifest$FastInputStream::readLine (9 bytes)
C2 CompilerThread1     6158 5609 % !   4       java.util.jar.Attributes::read @ 12 (494 bytes)
C2 CompilerThread2     6158 5614       4       java.util.jar.Manifest$FastInputStream::readLine (296 bytes)

VM state: at safepoint (normal execution)

VM Mutex/Monitor currently owned by a thread:  ([mutex/lock_event])
[0x000001ed602fd850] Threads_lock - owner thread: 0x000001ed7ed15800
[0x000001ed602fec90] Heap_lock - owner thread: 0x000001ed60302b00

Heap address: 0x0000000084a00000, size: 1974 MB, Compressed Oops mode: 32-bit

CDS archive(s) mapped at: [0x000001ed00000000-0x000001ed00bd0000-0x000001ed00bd0000), size 12386304, SharedBaseAddress: 0x000001ed00000000, ArchiveRelocationMode: 1.
Compressed class space mapped at: 0x000001ed01000000-0x000001ed41000000, reserved size: 1073741824
Narrow klass base: 0x000001ed00000000, Narrow klass shift: 0, Narrow klass range: 0x100000000

GC Precious Log:
 CPUs: 16 total, 16 available
 Memory: 7893M
 Large Page Support: Disabled
 NUMA Support: Disabled
 Compressed Oops: Enabled (32-bit)
 Heap Region Size: 1M
 Heap Min Capacity: 8M
 Heap Initial Capacity: 124M
 Heap Max Capacity: 1974M
 Pre-touch: Disabled
 Parallel Workers: 13
 Concurrent Workers: 3
 Concurrent Refinement Workers: 13
 Periodic GC: Disabled

Heap:
 garbage-first heap   total 152576K, used 20063K [0x0000000084a00000, 0x0000000100000000)
  region size 1024K, 1 young (1024K), 1 survivors (1024K)
 Metaspace       used 20219K, committed 20480K, reserved 1114112K
  class space    used 2295K, committed 2432K, reserved 1048576K

Heap Regions: E=young(eden), S=young(survivor), O=old, HS=humongous(starts), HC=humongous(continues), CS=collection set, F=free, OA=open archive, CA=closed archive, TAMS=top-at-mark-start (previous, next)
|   0|0x0000000084a00000, 0x0000000084b00000, 0x0000000084b00000|100%| O|  |TAMS 0x0000000084a00000, 0x0000000084a00000| Untracked 
|   1|0x0000000084b00000, 0x0000000084c00000, 0x0000000084c00000|100%| O|  |TAMS 0x0000000084b00000, 0x0000000084b00000| Untracked 
|   2|0x0000000084c00000, 0x0000000084d00000, 0x0000000084d00000|100%| O|  |TAMS 0x0000000084c00000, 0x0000000084c00000| Untracked 
|   3|0x0000000084d00000, 0x0000000084e00000, 0x0000000084e00000|100%| O|  |TAMS 0x0000000084d00000, 0x0000000084d00000| Untracked 
|   4|0x0000000084e00000, 0x0000000084f00000, 0x0000000084f00000|100%| O|  |TAMS 0x0000000084e00000, 0x0000000084e00000| Untracked 
|   5|0x0000000084f00000, 0x0000000085000000, 0x0000000085000000|100%| O|  |TAMS 0x0000000084f00000, 0x0000000084f00000| Untracked 
|   6|0x0000000085000000, 0x0000000085100000, 0x0000000085100000|100%| O|  |TAMS 0x0000000085000000, 0x0000000085000000| Untracked 
|   7|0x0000000085100000, 0x0000000085200000, 0x0000000085200000|100%| O|  |TAMS 0x0000000085100000, 0x0000000085100000| Untracked 
|   8|0x0000000085200000, 0x0000000085300000, 0x0000000085300000|100%| O|  |TAMS 0x0000000085200000, 0x0000000085200000| Untracked 
|   9|0x0000000085300000, 0x0000000085400000, 0x0000000085400000|100%| O|  |TAMS 0x0000000085300000, 0x0000000085300000| Untracked 
|  10|0x0000000085400000, 0x0000000085500000, 0x0000000085500000|100%| O|  |TAMS 0x0000000085400000, 0x0000000085400000| Untracked 
|  11|0x0000000085500000, 0x0000000085600000, 0x0000000085600000|100%| O|  |TAMS 0x0000000085500000, 0x0000000085500000| Untracked 
|  12|0x0000000085600000, 0x0000000085700000, 0x0000000085700000|100%| O|  |TAMS 0x0000000085600000, 0x0000000085600000| Untracked 
|  13|0x0000000085700000, 0x0000000085800000, 0x0000000085800000|100%| O|  |TAMS 0x0000000085700000, 0x0000000085700000| Untracked 
|  14|0x0000000085800000, 0x0000000085900000, 0x0000000085900000|100%| O|  |TAMS 0x0000000085800000, 0x0000000085800000| Untracked 
|  15|0x0000000085900000, 0x0000000085a00000, 0x0000000085a00000|100%| O|  |TAMS 0x0000000085900000, 0x0000000085900000| Untracked 
|  16|0x0000000085a00000, 0x0000000085b00000, 0x0000000085b00000|100%| O|  |TAMS 0x0000000085a00000, 0x0000000085a00000| Untracked 
|  17|0x0000000085b00000, 0x0000000085c00000, 0x0000000085c00000|100%| O|  |TAMS 0x0000000085b00000, 0x0000000085b00000| Untracked 
|  18|0x0000000085c00000, 0x0000000085d00000, 0x0000000085d00000|100%| O|  |TAMS 0x0000000085c00000, 0x0000000085c00000| Untracked 
|  19|0x0000000085d00000, 0x0000000085d4fe00, 0x0000000085e00000| 31%| O|  |TAMS 0x0000000085d00000, 0x0000000085d00000| Untracked 
|  20|0x0000000085e00000, 0x0000000085e00000, 0x0000000085f00000|  0%| F|  |TAMS 0x0000000085e00000, 0x0000000085e00000| Untracked 
|  21|0x0000000085f00000, 0x0000000085f00000, 0x0000000086000000|  0%| F|  |TAMS 0x0000000085f00000, 0x0000000085f00000| Untracked 
|  22|0x0000000086000000, 0x0000000086000000, 0x0000000086100000|  0%| F|  |TAMS 0x0000000086000000, 0x0000000086000000| Untracked 
|  23|0x0000000086100000, 0x0000000086100000, 0x0000000086200000|  0%| F|  |TAMS 0x0000000086100000, 0x0000000086100000| Untracked 
|  24|0x0000000086200000, 0x0000000086200000, 0x0000000086300000|  0%| F|  |TAMS 0x0000000086200000, 0x0000000086200000| Untracked 
|  25|0x0000000086300000, 0x0000000086300000, 0x0000000086400000|  0%| F|  |TAMS 0x0000000086300000, 0x0000000086300000| Untracked 
|  26|0x0000000086400000, 0x0000000086400000, 0x0000000086500000|  0%| F|  |TAMS 0x0000000086400000, 0x0000000086400000| Untracked 
|  27|0x0000000086500000, 0x0000000086500000, 0x0000000086600000|  0%| F|  |TAMS 0x0000000086500000, 0x0000000086500000| Untracked 
|  28|0x0000000086600000, 0x0000000086600000, 0x0000000086700000|  0%| F|  |TAMS 0x0000000086600000, 0x0000000086600000| Untracked 
|  29|0x0000000086700000, 0x0000000086700000, 0x0000000086800000|  0%| F|  |TAMS 0x0000000086700000, 0x0000000086700000| Untracked 
|  30|0x0000000086800000, 0x0000000086800000, 0x0000000086900000|  0%| F|  |TAMS 0x0000000086800000, 0x0000000086800000| Untracked 
|  31|0x0000000086900000, 0x0000000086900000, 0x0000000086a00000|  0%| F|  |TAMS 0x0000000086900000, 0x0000000086900000| Untracked 
|  32|0x0000000086a00000, 0x0000000086a00000, 0x0000000086b00000|  0%| F|  |TAMS 0x0000000086a00000, 0x0000000086a00000| Untracked 
|  33|0x0000000086b00000, 0x0000000086b00000, 0x0000000086c00000|  0%| F|  |TAMS 0x0000000086b00000, 0x0000000086b00000| Untracked 
|  34|0x0000000086c00000, 0x0000000086c00000, 0x0000000086d00000|  0%| F|  |TAMS 0x0000000086c00000, 0x0000000086c00000| Untracked 
|  35|0x0000000086d00000, 0x0000000086d00000, 0x0000000086e00000|  0%| F|  |TAMS 0x0000000086d00000, 0x0000000086d00000| Untracked 
|  36|0x0000000086e00000, 0x0000000086e00000, 0x0000000086f00000|  0%| F|  |TAMS 0x0000000086e00000, 0x0000000086e00000| Untracked 
|  37|0x0000000086f00000, 0x0000000086f00000, 0x0000000087000000|  0%| F|  |TAMS 0x0000000086f00000, 0x0000000086f00000| Untracked 
|  38|0x0000000087000000, 0x0000000087000000, 0x0000000087100000|  0%| F|  |TAMS 0x0000000087000000, 0x0000000087000000| Untracked 
|  39|0x0000000087100000, 0x0000000087100000, 0x0000000087200000|  0%| F|  |TAMS 0x0000000087100000, 0x0000000087100000| Untracked 
|  40|0x0000000087200000, 0x0000000087200000, 0x0000000087300000|  0%| F|  |TAMS 0x0000000087200000, 0x0000000087200000| Untracked 
|  41|0x0000000087300000, 0x0000000087300000, 0x0000000087400000|  0%| F|  |TAMS 0x0000000087300000, 0x0000000087300000| Untracked 
|  42|0x0000000087400000, 0x0000000087400000, 0x0000000087500000|  0%| F|  |TAMS 0x0000000087400000, 0x0000000087400000| Untracked 
|  43|0x0000000087500000, 0x0000000087500000, 0x0000000087600000|  0%| F|  |TAMS 0x0000000087500000, 0x0000000087500000| Untracked 
|  44|0x0000000087600000, 0x0000000087600000, 0x0000000087700000|  0%| F|  |TAMS 0x0000000087600000, 0x0000000087600000| Untracked 
|  45|0x0000000087700000, 0x0000000087700000, 0x0000000087800000|  0%| F|  |TAMS 0x0000000087700000, 0x0000000087700000| Untracked 
|  46|0x0000000087800000, 0x0000000087800000, 0x0000000087900000|  0%| F|  |TAMS 0x0000000087800000, 0x0000000087800000| Untracked 
|  47|0x0000000087900000, 0x0000000087900000, 0x0000000087a00000|  0%| F|  |TAMS 0x0000000087900000, 0x0000000087900000| Untracked 
|  48|0x0000000087a00000, 0x0000000087a00000, 0x0000000087b00000|  0%| F|  |TAMS 0x0000000087a00000, 0x0000000087a00000| Untracked 
|  49|0x0000000087b00000, 0x0000000087b00000, 0x0000000087c00000|  0%| F|  |TAMS 0x0000000087b00000, 0x0000000087b00000| Untracked 
|  50|0x0000000087c00000, 0x0000000087c00000, 0x0000000087d00000|  0%| F|  |TAMS 0x0000000087c00000, 0x0000000087c00000| Untracked 
|  51|0x0000000087d00000, 0x0000000087d00000, 0x0000000087e00000|  0%| F|  |TAMS 0x0000000087d00000, 0x0000000087d00000| Untracked 
|  52|0x0000000087e00000, 0x0000000087e00000, 0x0000000087f00000|  0%| F|  |TAMS 0x0000000087e00000, 0x0000000087e00000| Untracked 
|  53|0x0000000087f00000, 0x0000000087f00000, 0x0000000088000000|  0%| F|  |TAMS 0x0000000087f00000, 0x0000000087f00000| Untracked 
|  54|0x0000000088000000, 0x0000000088000000, 0x0000000088100000|  0%| F|  |TAMS 0x0000000088000000, 0x0000000088000000| Untracked 
|  55|0x0000000088100000, 0x0000000088100000, 0x0000000088200000|  0%| F|  |TAMS 0x0000000088100000, 0x0000000088100000| Untracked 
|  56|0x0000000088200000, 0x0000000088200000, 0x0000000088300000|  0%| F|  |TAMS 0x0000000088200000, 0x0000000088200000| Untracked 
|  57|0x0000000088300000, 0x0000000088300000, 0x0000000088400000|  0%| F|  |TAMS 0x0000000088300000, 0x0000000088300000| Untracked 
|  58|0x0000000088400000, 0x0000000088400000, 0x0000000088500000|  0%| F|  |TAMS 0x0000000088400000, 0x0000000088400000| Untracked 
|  59|0x0000000088500000, 0x0000000088500000, 0x0000000088600000|  0%| F|  |TAMS 0x0000000088500000, 0x0000000088500000| Untracked 
|  60|0x0000000088600000, 0x0000000088600000, 0x0000000088700000|  0%| F|  |TAMS 0x0000000088600000, 0x0000000088600000| Untracked 
|  61|0x0000000088700000, 0x0000000088700000, 0x0000000088800000|  0%| F|  |TAMS 0x0000000088700000, 0x0000000088700000| Untracked 
|  62|0x0000000088800000, 0x0000000088800000, 0x0000000088900000|  0%| F|  |TAMS 0x0000000088800000, 0x0000000088800000| Untracked 
|  63|0x0000000088900000, 0x0000000088900000, 0x0000000088a00000|  0%| F|  |TAMS 0x0000000088900000, 0x0000000088900000| Untracked 
|  64|0x0000000088a00000, 0x0000000088a00000, 0x0000000088b00000|  0%| F|  |TAMS 0x0000000088a00000, 0x0000000088a00000| Untracked 
|  65|0x0000000088b00000, 0x0000000088b00000, 0x0000000088c00000|  0%| F|  |TAMS 0x0000000088b00000, 0x0000000088b00000| Untracked 
|  66|0x0000000088c00000, 0x0000000088c00000, 0x0000000088d00000|  0%| F|  |TAMS 0x0000000088c00000, 0x0000000088c00000| Untracked 
|  67|0x0000000088d00000, 0x0000000088d00000, 0x0000000088e00000|  0%| F|  |TAMS 0x0000000088d00000, 0x0000000088d00000| Untracked 
|  68|0x0000000088e00000, 0x0000000088e00000, 0x0000000088f00000|  0%| F|  |TAMS 0x0000000088e00000, 0x0000000088e00000| Untracked 
|  69|0x0000000088f00000, 0x0000000088f00000, 0x0000000089000000|  0%| F|  |TAMS 0x0000000088f00000, 0x0000000088f00000| Untracked 
|  70|0x0000000089000000, 0x0000000089000000, 0x0000000089100000|  0%| F|  |TAMS 0x0000000089000000, 0x0000000089000000| Untracked 
|  71|0x0000000089100000, 0x0000000089100000, 0x0000000089200000|  0%| F|  |TAMS 0x0000000089100000, 0x0000000089100000| Untracked 
|  72|0x0000000089200000, 0x0000000089200000, 0x0000000089300000|  0%| F|  |TAMS 0x0000000089200000, 0x0000000089200000| Untracked 
|  73|0x0000000089300000, 0x0000000089300000, 0x0000000089400000|  0%| F|  |TAMS 0x0000000089300000, 0x0000000089300000| Untracked 
|  74|0x0000000089400000, 0x0000000089400000, 0x0000000089500000|  0%| F|  |TAMS 0x0000000089400000, 0x0000000089400000| Untracked 
|  75|0x0000000089500000, 0x0000000089500000, 0x0000000089600000|  0%| F|  |TAMS 0x0000000089500000, 0x0000000089500000| Untracked 
|  76|0x0000000089600000, 0x0000000089600000, 0x0000000089700000|  0%| F|  |TAMS 0x0000000089600000, 0x0000000089600000| Untracked 
|  77|0x0000000089700000, 0x0000000089700000, 0x0000000089800000|  0%| F|  |TAMS 0x0000000089700000, 0x0000000089700000| Untracked 
|  78|0x0000000089800000, 0x0000000089800000, 0x0000000089900000|  0%| F|  |TAMS 0x0000000089800000, 0x0000000089800000| Untracked 
|  79|0x0000000089900000, 0x0000000089900000, 0x0000000089a00000|  0%| F|  |TAMS 0x0000000089900000, 0x0000000089900000| Untracked 
|  80|0x0000000089a00000, 0x0000000089a00000, 0x0000000089b00000|  0%| F|  |TAMS 0x0000000089a00000, 0x0000000089a00000| Untracked 
|  81|0x0000000089b00000, 0x0000000089b00000, 0x0000000089c00000|  0%| F|  |TAMS 0x0000000089b00000, 0x0000000089b00000| Untracked 
|  82|0x0000000089c00000, 0x0000000089c00000, 0x0000000089d00000|  0%| F|  |TAMS 0x0000000089c00000, 0x0000000089c00000| Untracked 
|  83|0x0000000089d00000, 0x0000000089d00000, 0x0000000089e00000|  0%| F|  |TAMS 0x0000000089d00000, 0x0000000089d00000| Untracked 
|  84|0x0000000089e00000, 0x0000000089e00000, 0x0000000089f00000|  0%| F|  |TAMS 0x0000000089e00000, 0x0000000089e00000| Untracked 
|  85|0x0000000089f00000, 0x0000000089f00000, 0x000000008a000000|  0%| F|  |TAMS 0x0000000089f00000, 0x0000000089f00000| Untracked 
|  86|0x000000008a000000, 0x000000008a000000, 0x000000008a100000|  0%| F|  |TAMS 0x000000008a000000, 0x000000008a000000| Untracked 
|  87|0x000000008a100000, 0x000000008a100000, 0x000000008a200000|  0%| F|  |TAMS 0x000000008a100000, 0x000000008a100000| Untracked 
|  88|0x000000008a200000, 0x000000008a200000, 0x000000008a300000|  0%| F|  |TAMS 0x000000008a200000, 0x000000008a200000| Untracked 
|  89|0x000000008a300000, 0x000000008a300000, 0x000000008a400000|  0%| F|  |TAMS 0x000000008a300000, 0x000000008a300000| Untracked 
|  90|0x000000008a400000, 0x000000008a400000, 0x000000008a500000|  0%| F|  |TAMS 0x000000008a400000, 0x000000008a400000| Untracked 
|  91|0x000000008a500000, 0x000000008a500000, 0x000000008a600000|  0%| F|  |TAMS 0x000000008a500000, 0x000000008a500000| Untracked 
|  92|0x000000008a600000, 0x000000008a600000, 0x000000008a700000|  0%| F|  |TAMS 0x000000008a600000, 0x000000008a600000| Untracked 
|  93|0x000000008a700000, 0x000000008a700000, 0x000000008a800000|  0%| F|  |TAMS 0x000000008a700000, 0x000000008a700000| Untracked 
|  94|0x000000008a800000, 0x000000008a800000, 0x000000008a900000|  0%| F|  |TAMS 0x000000008a800000, 0x000000008a800000| Untracked 
|  95|0x000000008a900000, 0x000000008a900000, 0x000000008aa00000|  0%| F|  |TAMS 0x000000008a900000, 0x000000008a900000| Untracked 
|  96|0x000000008aa00000, 0x000000008aa00000, 0x000000008ab00000|  0%| F|  |TAMS 0x000000008aa00000, 0x000000008aa00000| Untracked 
|  97|0x000000008ab00000, 0x000000008ab00000, 0x000000008ac00000|  0%| F|  |TAMS 0x000000008ab00000, 0x000000008ab00000| Untracked 
|  98|0x000000008ac00000, 0x000000008ac00000, 0x000000008ad00000|  0%| F|  |TAMS 0x000000008ac00000, 0x000000008ac00000| Untracked 
|  99|0x000000008ad00000, 0x000000008ad00000, 0x000000008ae00000|  0%| F|  |TAMS 0x000000008ad00000, 0x000000008ad00000| Untracked 
| 100|0x000000008ae00000, 0x000000008ae00000, 0x000000008af00000|  0%| F|  |TAMS 0x000000008ae00000, 0x000000008ae00000| Untracked 
| 101|0x000000008af00000, 0x000000008af00000, 0x000000008b000000|  0%| F|  |TAMS 0x000000008af00000, 0x000000008af00000| Untracked 
| 102|0x000000008b000000, 0x000000008b000000, 0x000000008b100000|  0%| F|  |TAMS 0x000000008b000000, 0x000000008b000000| Untracked 
| 103|0x000000008b100000, 0x000000008b100000, 0x000000008b200000|  0%| F|  |TAMS 0x000000008b100000, 0x000000008b100000| Untracked 
| 104|0x000000008b200000, 0x000000008b200000, 0x000000008b300000|  0%| F|  |TAMS 0x000000008b200000, 0x000000008b200000| Untracked 
| 105|0x000000008b300000, 0x000000008b300000, 0x000000008b400000|  0%| F|  |TAMS 0x000000008b300000, 0x000000008b300000| Untracked 
| 106|0x000000008b400000, 0x000000008b400000, 0x000000008b500000|  0%| F|  |TAMS 0x000000008b400000, 0x000000008b400000| Untracked 
| 107|0x000000008b500000, 0x000000008b500000, 0x000000008b600000|  0%| F|  |TAMS 0x000000008b500000, 0x000000008b500000| Untracked 
| 108|0x000000008b600000, 0x000000008b600000, 0x000000008b700000|  0%| F|  |TAMS 0x000000008b600000, 0x000000008b600000| Untracked 
| 109|0x000000008b700000, 0x000000008b700000, 0x000000008b800000|  0%| F|  |TAMS 0x000000008b700000, 0x000000008b700000| Untracked 
| 110|0x000000008b800000, 0x000000008b800000, 0x000000008b900000|  0%| F|  |TAMS 0x000000008b800000, 0x000000008b800000| Untracked 
| 111|0x000000008b900000, 0x000000008b900000, 0x000000008ba00000|  0%| F|  |TAMS 0x000000008b900000, 0x000000008b900000| Untracked 
| 112|0x000000008ba00000, 0x000000008ba00000, 0x000000008bb00000|  0%| F|  |TAMS 0x000000008ba00000, 0x000000008ba00000| Untracked 
| 113|0x000000008bb00000, 0x000000008bb00000, 0x000000008bc00000|  0%| F|  |TAMS 0x000000008bb00000, 0x000000008bb00000| Untracked 
| 114|0x000000008bc00000, 0x000000008bc00000, 0x000000008bd00000|  0%| F|  |TAMS 0x000000008bc00000, 0x000000008bc00000| Untracked 
| 115|0x000000008bd00000, 0x000000008bd00000, 0x000000008be00000|  0%| F|  |TAMS 0x000000008bd00000, 0x000000008bd00000| Untracked 
| 116|0x000000008be00000, 0x000000008be00000, 0x000000008bf00000|  0%| F|  |TAMS 0x000000008be00000, 0x000000008be00000| Untracked 
| 117|0x000000008bf00000, 0x000000008bf00000, 0x000000008c000000|  0%| F|  |TAMS 0x000000008bf00000, 0x000000008bf00000| Untracked 
| 118|0x000000008c000000, 0x000000008c000000, 0x000000008c100000|  0%| F|  |TAMS 0x000000008c000000, 0x000000008c000000| Untracked 
| 119|0x000000008c100000, 0x000000008c100000, 0x000000008c200000|  0%| F|  |TAMS 0x000000008c100000, 0x000000008c100000| Untracked 
| 120|0x000000008c200000, 0x000000008c200000, 0x000000008c300000|  0%| F|  |TAMS 0x000000008c200000, 0x000000008c200000| Untracked 
| 121|0x000000008c300000, 0x000000008c300000, 0x000000008c400000|  0%| F|  |TAMS 0x000000008c300000, 0x000000008c300000| Untracked 
| 122|0x000000008c400000, 0x000000008c400000, 0x000000008c500000|  0%| F|  |TAMS 0x000000008c400000, 0x000000008c400000| Untracked 
| 123|0x000000008c500000, 0x000000008c500000, 0x000000008c600000|  0%| F|  |TAMS 0x000000008c500000, 0x000000008c500000| Untracked 
| 124|0x000000008c600000, 0x000000008c600000, 0x000000008c700000|  0%| F|  |TAMS 0x000000008c600000, 0x000000008c600000| Untracked 
| 125|0x000000008c700000, 0x000000008c700000, 0x000000008c800000|  0%| F|  |TAMS 0x000000008c700000, 0x000000008c700000| Untracked 
| 126|0x000000008c800000, 0x000000008c800000, 0x000000008c900000|  0%| F|  |TAMS 0x000000008c800000, 0x000000008c800000| Untracked 
| 127|0x000000008c900000, 0x000000008c900000, 0x000000008ca00000|  0%| F|  |TAMS 0x000000008c900000, 0x000000008c900000| Untracked 
| 128|0x000000008ca00000, 0x000000008ca00000, 0x000000008cb00000|  0%| F|  |TAMS 0x000000008ca00000, 0x000000008ca00000| Untracked 
| 129|0x000000008cb00000, 0x000000008cb00000, 0x000000008cc00000|  0%| F|  |TAMS 0x000000008cb00000, 0x000000008cb00000| Untracked 
| 130|0x000000008cc00000, 0x000000008cc00000, 0x000000008cd00000|  0%| F|  |TAMS 0x000000008cc00000, 0x000000008cc00000| Untracked 
| 131|0x000000008cd00000, 0x000000008cd00000, 0x000000008ce00000|  0%| F|  |TAMS 0x000000008cd00000, 0x000000008cd00000| Untracked 
| 132|0x000000008ce00000, 0x000000008ce00000, 0x000000008cf00000|  0%| F|  |TAMS 0x000000008ce00000, 0x000000008ce00000| Untracked 
| 133|0x000000008cf00000, 0x000000008cf00000, 0x000000008d000000|  0%| F|  |TAMS 0x000000008cf00000, 0x000000008cf00000| Untracked 
| 134|0x000000008d000000, 0x000000008d000000, 0x000000008d100000|  0%| F|  |TAMS 0x000000008d000000, 0x000000008d000000| Untracked 
| 135|0x000000008d100000, 0x000000008d100000, 0x000000008d200000|  0%| F|  |TAMS 0x000000008d100000, 0x000000008d100000| Untracked 
| 136|0x000000008d200000, 0x000000008d200000, 0x000000008d300000|  0%| F|  |TAMS 0x000000008d200000, 0x000000008d200000| Untracked 
| 137|0x000000008d300000, 0x000000008d300000, 0x000000008d400000|  0%| F|  |TAMS 0x000000008d300000, 0x000000008d300000| Untracked 
| 138|0x000000008d400000, 0x000000008d400000, 0x000000008d500000|  0%| F|  |TAMS 0x000000008d400000, 0x000000008d400000| Untracked 
| 139|0x000000008d500000, 0x000000008d500000, 0x000000008d600000|  0%| F|  |TAMS 0x000000008d500000, 0x000000008d500000| Untracked 
| 140|0x000000008d600000, 0x000000008d600000, 0x000000008d700000|  0%| F|  |TAMS 0x000000008d600000, 0x000000008d600000| Untracked 
| 141|0x000000008d700000, 0x000000008d747fd0, 0x000000008d800000| 28%| S|CS|TAMS 0x000000008d700000, 0x000000008d700000| Complete 
| 142|0x000000008d800000, 0x000000008d800000, 0x000000008d900000|  0%| F|  |TAMS 0x000000008d800000, 0x000000008d800000| Untracked 
| 143|0x000000008d900000, 0x000000008d900000, 0x000000008da00000|  0%| F|  |TAMS 0x000000008d900000, 0x000000008d900000| Untracked 
| 144|0x000000008da00000, 0x000000008da00000, 0x000000008db00000|  0%| F|  |TAMS 0x000000008da00000, 0x000000008da00000| Untracked 
| 145|0x000000008db00000, 0x000000008db00000, 0x000000008dc00000|  0%| F|  |TAMS 0x000000008db00000, 0x000000008db00000| Untracked 
| 146|0x000000008dc00000, 0x000000008dc00000, 0x000000008dd00000|  0%| F|  |TAMS 0x000000008dc00000, 0x000000008dc00000| Untracked 
| 147|0x000000008dd00000, 0x000000008dd00000, 0x000000008de00000|  0%| F|  |TAMS 0x000000008dd00000, 0x000000008dd00000| Untracked 
| 148|0x000000008de00000, 0x000000008de00000, 0x000000008df00000|  0%| F|  |TAMS 0x000000008de00000, 0x000000008de00000| Untracked 

Card table byte_map: [0x000001ed77820000,0x000001ed77c00000] _byte_map_base: 0x000001ed773fb000

Marking Bits (Prev, Next): (CMBitMap*) 0x000001ed60362ba0, (CMBitMap*) 0x000001ed60362be0
 Prev Bits: [0x000001ed77fe0000, 0x000001ed79eb8000)
 Next Bits: [0x000001ed79ec0000, 0x000001ed7bd98000)

Polling page: 0x000001ed5e060000

Metaspace:

Usage:
  Non-class:     17.50 MB used.
      Class:      2.24 MB used.
       Both:     19.75 MB used.

Virtual space:
  Non-class space:       64.00 MB reserved,      17.62 MB ( 28%) committed,  1 nodes.
      Class space:        1.00 GB reserved,       2.38 MB ( <1%) committed,  1 nodes.
             Both:        1.06 GB reserved,      20.00 MB (  2%) committed. 

Chunk freelists:
   Non-Class:  14.00 MB
       Class:  13.55 MB
        Both:  27.55 MB

MaxMetaspaceSize: unlimited
CompressedClassSpaceSize: 1.00 GB
Initial GC threshold: 21.00 MB
Current GC threshold: 21.00 MB
CDS: on
MetaspaceReclaimPolicy: balanced
 - commit_granule_bytes: 65536.
 - commit_granule_words: 8192.
 - virtual_space_node_default_size: 8388608.
 - enlarge_chunks_in_place: 1.
 - new_chunks_are_fully_committed: 0.
 - uncommit_free_chunks: 1.
 - use_allocation_guard: 0.
 - handle_deallocations: 1.


Internal statistics:

num_allocs_failed_limit: 0.
num_arena_births: 156.
num_arena_deaths: 0.
num_vsnodes_births: 2.
num_vsnodes_deaths: 0.
num_space_committed: 320.
num_space_uncommitted: 0.
num_chunks_returned_to_freelist: 0.
num_chunks_taken_from_freelist: 920.
num_chunk_merges: 0.
num_chunk_splits: 606.
num_chunks_enlarged: 452.
num_inconsistent_stats: 0.

CodeHeap 'non-profiled nmethods': size=119168Kb used=2536Kb max_used=3044Kb free=116631Kb
 bounds [0x000001ed6f760000, 0x000001ed6fa60000, 0x000001ed76bc0000]
CodeHeap 'profiled nmethods': size=119104Kb used=10429Kb max_used=12632Kb free=108674Kb
 bounds [0x000001ed67bc0000, 0x000001ed68820000, 0x000001ed6f010000]
CodeHeap 'non-nmethods': size=7488Kb used=1764Kb max_used=2960Kb free=5724Kb
 bounds [0x000001ed6f010000, 0x000001ed6f300000, 0x000001ed6f760000]
 total_blobs=5330 nmethods=4845 adapters=396
 compilation: enabled
              stopped_count=0, restarted_count=0
 full_count=0

Compilation events (20 events):
Event: 4.123 Thread 0x000001ed7ed7dcf0 5605       3       sun.nio.fs.WindowsPath::endsWith (151 bytes)
Event: 4.123 Thread 0x000001ed7ed33a80 nmethod 5604 0x000001ed67e71c10 code [0x000001ed67e71de0, 0x000001ed67e72118]
Event: 4.123 Thread 0x000001ed7ed33a80 5606       1       java.util.jar.JarInputStream::getManifest (5 bytes)
Event: 4.123 Thread 0x000001ed7ed33a80 nmethod 5606 0x000001ed6f763710 code [0x000001ed6f7638a0, 0x000001ed6f763978]
Event: 4.124 Thread 0x000001ed7ed7dcf0 nmethod 5605 0x000001ed67c79190 code [0x000001ed67c79480, 0x000001ed67c7a4a8]
Event: 4.127 Thread 0x000001ed7ed33a80 5607       3       java.util.jar.Attributes::<init> (17 bytes)
Event: 4.127 Thread 0x000001ed7ed7dcf0 5608       3       java.util.jar.Manifest::toLower (24 bytes)
Event: 4.127 Thread 0x000001ed4510e430 5609 % !   4       java.util.jar.Attributes::read @ 12 (494 bytes)
Event: 4.127 Thread 0x000001ed7ed33a80 nmethod 5607 0x000001ed67ea2b90 code [0x000001ed67ea2d80, 0x000001ed67ea30c8]
Event: 4.127 Thread 0x000001ed7ed7dcf0 nmethod 5608 0x000001ed67d88090 code [0x000001ed67d88220, 0x000001ed67d883b8]
Event: 4.127 Thread 0x000001ed7ed33a80 5610       3       java.util.jar.Manifest::parseName (84 bytes)
Event: 4.127 Thread 0x000001ed7ed7dcf0 5611       3       java.util.jar.Attributes::size (10 bytes)
Event: 4.127 Thread 0x000001ed7ed7dcf0 nmethod 5611 0x000001ed67bc0010 code [0x000001ed67bc01c0, 0x000001ed67bc0388]
Event: 4.127 Thread 0x000001ed7ed32fd0 5612       4       java.util.jar.Manifest$FastInputStream::readLine (9 bytes)
Event: 4.127 Thread 0x000001ed7ed7dcf0 5613       3       java.util.jar.Manifest$FastInputStream::readLine (296 bytes)
Event: 4.128 Thread 0x000001ed7ed33a80 nmethod 5610 0x000001ed67c7e010 code [0x000001ed67c7e220, 0x000001ed67c7e9e8]
Event: 4.128 Thread 0x000001ed7ed7dcf0 nmethod 5613 0x000001ed67bfb390 code [0x000001ed67bfb5c0, 0x000001ed67bfbec8]
Event: 4.128 Thread 0x000001ed45483f60 5614       4       java.util.jar.Manifest$FastInputStream::readLine (296 bytes)
Event: 4.129 Thread 0x000001ed7ed7dcf0 5616       3       java.util.jar.Manifest::read (415 bytes)
Event: 4.131 Thread 0x000001ed7ed7dcf0 nmethod 5616 0x000001ed67bceb90 code [0x000001ed67bcf0a0, 0x000001ed67bd1858]

GC Heap History (17 events):
Event: 0.449 GC heap before
{Heap before GC invocations=0 (full 0):
 garbage-first heap   total 126976K, used 22528K [0x0000000084a00000, 0x0000000100000000)
  region size 1024K, 23 young (23552K), 0 survivors (0K)
 Metaspace       used 5402K, committed 5632K, reserved 1114112K
  class space    used 642K, committed 768K, reserved 1048576K
}
Event: 0.454 GC heap after
{Heap after GC invocations=1 (full 0):
 garbage-first heap   total 126976K, used 3800K [0x0000000084a00000, 0x0000000100000000)
  region size 1024K, 3 young (3072K), 3 survivors (3072K)
 Metaspace       used 5402K, committed 5632K, reserved 1114112K
  class space    used 642K, committed 768K, reserved 1048576K
}
Event: 0.706 GC heap before
{Heap before GC invocations=1 (full 0):
 garbage-first heap   total 126976K, used 35544K [0x0000000084a00000, 0x0000000100000000)
  region size 1024K, 34 young (34816K), 3 survivors (3072K)
 Metaspace       used 8877K, committed 9024K, reserved 1114112K
  class space    used 1058K, committed 1152K, reserved 1048576K
}
Event: 0.711 GC heap after
{Heap after GC invocations=2 (full 0):
 garbage-first heap   total 126976K, used 5193K [0x0000000084a00000, 0x0000000100000000)
  region size 1024K, 2 young (2048K), 2 survivors (2048K)
 Metaspace       used 8877K, committed 9024K, reserved 1114112K
  class space    used 1058K, committed 1152K, reserved 1048576K
}
Event: 1.587 GC heap before
{Heap before GC invocations=2 (full 0):
 garbage-first heap   total 126976K, used 78921K [0x0000000084a00000, 0x0000000100000000)
  region size 1024K, 74 young (75776K), 2 survivors (2048K)
 Metaspace       used 15650K, committed 15808K, reserved 1114112K
  class space    used 1852K, committed 1920K, reserved 1048576K
}
Event: 1.599 GC heap after
{Heap after GC invocations=3 (full 0):
 garbage-first heap   total 126976K, used 13597K [0x0000000084a00000, 0x0000000100000000)
  region size 1024K, 10 young (10240K), 10 survivors (10240K)
 Metaspace       used 15650K, committed 15808K, reserved 1114112K
  class space    used 1852K, committed 1920K, reserved 1048576K
}
Event: 2.001 GC heap before
{Heap before GC invocations=3 (full 0):
 garbage-first heap   total 126976K, used 79133K [0x0000000084a00000, 0x0000000100000000)
  region size 1024K, 74 young (75776K), 10 survivors (10240K)
 Metaspace       used 16324K, committed 16512K, reserved 1114112K
  class space    used 1862K, committed 1984K, reserved 1048576K
}
Event: 2.013 GC heap after
{Heap after GC invocations=4 (full 0):
 garbage-first heap   total 126976K, used 16485K [0x0000000084a00000, 0x0000000100000000)
  region size 1024K, 3 young (3072K), 3 survivors (3072K)
 Metaspace       used 16324K, committed 16512K, reserved 1114112K
  class space    used 1862K, committed 1984K, reserved 1048576K
}
Event: 2.630 GC heap before
{Heap before GC invocations=4 (full 0):
 garbage-first heap   total 126976K, used 111717K [0x0000000084a00000, 0x0000000100000000)
  region size 1024K, 65 young (66560K), 3 survivors (3072K)
 Metaspace       used 17794K, committed 18112K, reserved 1114112K
  class space    used 2018K, committed 2176K, reserved 1048576K
}
Event: 3.785 GC heap after
{Heap after GC invocations=5 (full 0):
 garbage-first heap   total 152576K, used 19277K [0x0000000084a00000, 0x0000000100000000)
  region size 1024K, 6 young (6144K), 6 survivors (6144K)
 Metaspace       used 17794K, committed 18112K, reserved 1114112K
  class space    used 2018K, committed 2176K, reserved 1048576K
}
Event: 3.798 GC heap before
{Heap before GC invocations=5 (full 0):
 garbage-first heap   total 152576K, used 20301K [0x0000000084a00000, 0x0000000100000000)
  region size 1024K, 7 young (7168K), 6 survivors (6144K)
 Metaspace       used 17796K, committed 18112K, reserved 1114112K
  class space    used 2018K, committed 2176K, reserved 1048576K
}
Event: 3.801 GC heap after
{Heap after GC invocations=6 (full 0):
 garbage-first heap   total 152576K, used 19783K [0x0000000084a00000, 0x0000000100000000)
  region size 1024K, 1 young (1024K), 1 survivors (1024K)
 Metaspace       used 17796K, committed 18112K, reserved 1114112K
  class space    used 2018K, committed 2176K, reserved 1048576K
}
Event: 3.860 GC heap before
{Heap before GC invocations=6 (full 0):
 garbage-first heap   total 152576K, used 25927K [0x0000000084a00000, 0x0000000100000000)
  region size 1024K, 7 young (7168K), 1 survivors (1024K)
 Metaspace       used 18167K, committed 18432K, reserved 1114112K
  class space    used 2052K, committed 2176K, reserved 1048576K
}
Event: 3.861 GC heap after
{Heap after GC invocations=7 (full 0):
 garbage-first heap   total 152576K, used 19393K [0x0000000084a00000, 0x0000000100000000)
  region size 1024K, 1 young (1024K), 1 survivors (1024K)
 Metaspace       used 18167K, committed 18432K, reserved 1114112K
  class space    used 2052K, committed 2176K, reserved 1048576K
}
Event: 4.013 GC heap before
{Heap before GC invocations=7 (full 0):
 garbage-first heap   total 152576K, used 24513K [0x0000000084a00000, 0x0000000100000000)
  region size 1024K, 7 young (7168K), 1 survivors (1024K)
 Metaspace       used 20190K, committed 20480K, reserved 1114112K
  class space    used 2295K, committed 2432K, reserved 1048576K
}
Event: 4.016 GC heap after
{Heap after GC invocations=8 (full 0):
 garbage-first heap   total 152576K, used 20048K [0x0000000084a00000, 0x0000000100000000)
  region size 1024K, 1 young (1024K), 1 survivors (1024K)
 Metaspace       used 20190K, committed 20480K, reserved 1114112K
  class space    used 2295K, committed 2432K, reserved 1048576K
}
Event: 4.132 GC heap before
{Heap before GC invocations=8 (full 0):
 garbage-first heap   total 152576K, used 25168K [0x0000000084a00000, 0x0000000100000000)
  region size 1024K, 7 young (7168K), 1 survivors (1024K)
 Metaspace       used 20219K, committed 20480K, reserved 1114112K
  class space    used 2295K, committed 2432K, reserved 1048576K
}

Deoptimization events (20 events):
Event: 4.130 Thread 0x000001ed60302b00 DEOPT PACKING pc=0x000001ed67bfbd68 sp=0x00000096c96fc890
Event: 4.130 Thread 0x000001ed60302b00 DEOPT UNPACKING pc=0x000001ed6f0666e3 sp=0x00000096c96fbd20 mode 0
Event: 4.130 Thread 0x000001ed60302b00 DEOPT PACKING pc=0x000001ed67bfbd68 sp=0x00000096c96fc710
Event: 4.130 Thread 0x000001ed60302b00 DEOPT UNPACKING pc=0x000001ed6f0666e3 sp=0x00000096c96fbba0 mode 0
Event: 4.130 Thread 0x000001ed60302b00 DEOPT PACKING pc=0x000001ed67bfbd68 sp=0x00000096c96fc890
Event: 4.130 Thread 0x000001ed60302b00 DEOPT UNPACKING pc=0x000001ed6f0666e3 sp=0x00000096c96fbd20 mode 0
Event: 4.130 Thread 0x000001ed60302b00 DEOPT PACKING pc=0x000001ed67bfbd68 sp=0x00000096c96fc890
Event: 4.130 Thread 0x000001ed60302b00 DEOPT UNPACKING pc=0x000001ed6f0666e3 sp=0x00000096c96fbd20 mode 0
Event: 4.130 Thread 0x000001ed60302b00 DEOPT PACKING pc=0x000001ed67bfbd68 sp=0x00000096c96fc890
Event: 4.130 Thread 0x000001ed60302b00 DEOPT UNPACKING pc=0x000001ed6f0666e3 sp=0x00000096c96fbd20 mode 0
Event: 4.130 Thread 0x000001ed60302b00 DEOPT PACKING pc=0x000001ed67bfbd68 sp=0x00000096c96fc890
Event: 4.130 Thread 0x000001ed60302b00 DEOPT UNPACKING pc=0x000001ed6f0666e3 sp=0x00000096c96fbd20 mode 0
Event: 4.131 Thread 0x000001ed60302b00 DEOPT PACKING pc=0x000001ed67bfbd68 sp=0x00000096c96fc890
Event: 4.131 Thread 0x000001ed60302b00 DEOPT UNPACKING pc=0x000001ed6f0666e3 sp=0x00000096c96fbd20 mode 0
Event: 4.131 Thread 0x000001ed60302b00 DEOPT PACKING pc=0x000001ed67bfbd68 sp=0x00000096c96fc890
Event: 4.131 Thread 0x000001ed60302b00 DEOPT UNPACKING pc=0x000001ed6f0666e3 sp=0x00000096c96fbd20 mode 0
Event: 4.131 Thread 0x000001ed60302b00 DEOPT PACKING pc=0x000001ed67bfbd68 sp=0x00000096c96fc710
Event: 4.131 Thread 0x000001ed60302b00 DEOPT UNPACKING pc=0x000001ed6f0666e3 sp=0x00000096c96fbba0 mode 0
Event: 4.131 Thread 0x000001ed60302b00 DEOPT PACKING pc=0x000001ed67bfbd68 sp=0x00000096c96fc710
Event: 4.131 Thread 0x000001ed60302b00 DEOPT UNPACKING pc=0x000001ed6f0666e3 sp=0x00000096c96fbba0 mode 0

Classes unloaded (0 events):
No events

Classes redefined (0 events):
No events

Internal exceptions (20 events):
Event: 1.074 Thread 0x000001ed60302b00 Implicit null exception at 0x000001ed6f7840f2 to 0x000001ed6f784748
Event: 1.103 Thread 0x000001ed60302b00 Exception <a 'java/lang/NoSuchMethodError'{0x000000008ab4d700}: 'void java.lang.invoke.DirectMethodHandle$Holder.invokeSpecial(java.lang.Object, java.lang.Object, java.lang.Object, java.lang.Object, java.lang.Object)'> (0x000000008ab4d700) 
thrown [s\open\src\hotspot\share\interpreter\linkResolver.cpp, line 759]
Event: 1.104 Thread 0x000001ed60302b00 Exception <a 'java/lang/NoSuchMethodError'{0x000000008ab6ad88}: 'void java.lang.invoke.DirectMethodHandle$Holder.invokeSpecial(java.lang.Object, java.lang.Object, java.lang.Object, java.lang.Object, java.lang.Object, java.lang.Object)'> (0x000000008ab6ad88) 
thrown [s\open\src\hotspot\share\interpreter\linkResolver.cpp, line 759]
Event: 1.114 Thread 0x000001ed60302b00 Exception <a 'java/lang/NoSuchMethodError'{0x000000008aab4708}: 'java.lang.Object java.lang.invoke.DirectMethodHandle$Holder.invokeVirtual(java.lang.Object, java.lang.Object, java.lang.Object)'> (0x000000008aab4708) 
thrown [s\open\src\hotspot\share\interpreter\linkResolver.cpp, line 759]
Event: 1.444 Thread 0x000001ed60302b00 Implicit null exception at 0x000001ed6f89b837 to 0x000001ed6f89d4f0
Event: 1.444 Thread 0x000001ed60302b00 Implicit null exception at 0x000001ed6f81f4ec to 0x000001ed6f81f6dc
Event: 1.445 Thread 0x000001ed60302b00 Implicit null exception at 0x000001ed6f86a1be to 0x000001ed6f86a924
Event: 1.445 Thread 0x000001ed60302b00 Exception <a 'java/lang/NoSuchMethodError'{0x0000000088af5548}: 'void java.lang.invoke.DirectMethodHandle$Holder.invokeStatic(java.lang.Object, java.lang.Object, java.lang.Object, java.lang.Object)'> (0x0000000088af5548) 
thrown [s\open\src\hotspot\share\interpreter\linkResolver.cpp, line 759]
Event: 1.449 Thread 0x000001ed60302b00 Exception <a 'java/lang/NoSuchMethodError'{0x0000000088978a68}: 'int java.lang.invoke.DirectMethodHandle$Holder.invokeSpecialIFC(java.lang.Object, java.lang.Object, java.lang.Object, java.lang.Object)'> (0x0000000088978a68) 
thrown [s\open\src\hotspot\share\interpreter\linkResolver.cpp, line 759]
Event: 2.219 Thread 0x000001ed60302b00 Implicit null exception at 0x000001ed6f809a0f to 0x000001ed6f809a89
Event: 2.326 Thread 0x000001ed60302b00 Implicit null exception at 0x000001ed6f96ed0f to 0x000001ed6f96ed7a
Event: 2.327 Thread 0x000001ed60302b00 Exception <a 'java/lang/NoSuchMethodError'{0x000000008a3f0f40}: 'java.lang.Object java.lang.invoke.DirectMethodHandle$Holder.newInvokeSpecial(java.lang.Object, java.lang.Object, java.lang.Object, java.lang.Object, java.lang.Object, java.lang.Object, java.lang.Object)'> (0x000000008a3f0f40) 
thrown [s\open\src\hotspot\share\interpreter\linkResolver.cpp, line 759]
Event: 2.327 Thread 0x000001ed60302b00 Exception <a 'java/lang/NoSuchMethodError'{0x000000008a3f5850}: 'java.lang.Object java.lang.invoke.Invokers$Holder.linkToTargetMethod(java.lang.Object, java.lang.Object, java.lang.Object, java.lang.Object, java.lang.Object, java.lang.Object, java.lang.Object)'> (0x000000008a3f5850) 
thrown [s\open\src\hotspot\share\interpreter\linkResolver.cpp, line 759]
Event: 2.328 Thread 0x000001ed60302b00 Implicit null exception at 0x000001ed6f9a0646 to 0x000001ed6f9a10c0
Event: 2.460 Thread 0x000001ed60302b00 Implicit null exception at 0x000001ed6f96f89f to 0x000001ed6f970058
Event: 2.465 Thread 0x000001ed60302b00 Exception <a 'java/lang/NoSuchMethodError'{0x0000000089602b20}: 'int java.lang.invoke.DirectMethodHandle$Holder.invokeVirtual(java.lang.Object, java.lang.Object)'> (0x0000000089602b20) 
thrown [s\open\src\hotspot\share\interpreter\linkResolver.cpp, line 759]
Event: 2.578 Thread 0x000001ed60302b00 Exception <a 'java/lang/NoSuchMethodError'{0x0000000088d977d8}: 'int java.lang.invoke.DirectMethodHandle$Holder.invokeStatic(java.lang.Object, java.lang.Object, int)'> (0x0000000088d977d8) 
thrown [s\open\src\hotspot\share\interpreter\linkResolver.cpp, line 759]
Event: 3.912 Thread 0x000001ed60302b00 Exception <a 'java/lang/IncompatibleClassChangeError'{0x000000008dc64a28}: Found class java.lang.Object, but interface was expected> (0x000000008dc64a28) 
thrown [s\open\src\hotspot\share\interpreter\linkResolver.cpp, line 826]
Event: 3.913 Thread 0x000001ed60302b00 Exception <a 'java/lang/NoSuchMethodError'{0x000000008dc6a820}: 'void java.lang.invoke.DirectMethodHandle$Holder.invokeInterface(java.lang.Object, java.lang.Object, java.lang.Object)'> (0x000000008dc6a820) 
thrown [s\open\src\hotspot\share\interpreter\linkResolver.cpp, line 759]
Event: 3.984 Thread 0x000001ed60302b00 Exception <a 'java/lang/NoSuchMethodError'{0x000000008da8b6e8}: 'int java.lang.invoke.DirectMethodHandle$Holder.invokeInterface(java.lang.Object, java.lang.Object)'> (0x000000008da8b6e8) 
thrown [s\open\src\hotspot\share\interpreter\linkResolver.cpp, line 759]

VM Operations (20 events):
Event: 3.785 Executing VM operation: G1CollectForAllocation done
Event: 3.797 Executing VM operation: G1CollectForAllocation
Event: 3.801 Executing VM operation: G1CollectForAllocation done
Event: 3.860 Executing VM operation: G1CollectForAllocation
Event: 3.861 Executing VM operation: G1CollectForAllocation done
Event: 3.942 Executing VM operation: HandshakeAllThreads
Event: 3.942 Executing VM operation: HandshakeAllThreads done
Event: 3.982 Executing VM operation: HandshakeAllThreads
Event: 3.982 Executing VM operation: HandshakeAllThreads done
Event: 3.990 Executing VM operation: HandshakeAllThreads
Event: 3.990 Executing VM operation: HandshakeAllThreads done
Event: 4.013 Executing VM operation: G1CollectForAllocation
Event: 4.016 Executing VM operation: G1CollectForAllocation done
Event: 4.088 Executing VM operation: HandshakeAllThreads
Event: 4.088 Executing VM operation: HandshakeAllThreads done
Event: 4.094 Executing VM operation: HandshakeAllThreads
Event: 4.094 Executing VM operation: HandshakeAllThreads done
Event: 4.127 Executing VM operation: HandshakeAllThreads
Event: 4.127 Executing VM operation: HandshakeAllThreads done
Event: 4.132 Executing VM operation: G1CollectForAllocation

Events (20 events):
Event: 4.131 Thread 0x000001ed7ed36490 flushing nmethod 0x000001ed68289010
Event: 4.131 Thread 0x000001ed7ed36490 flushing nmethod 0x000001ed682a8f10
Event: 4.132 Thread 0x000001ed7ed36490 flushing nmethod 0x000001ed682c2f90
Event: 4.132 Thread 0x000001ed7ed36490 flushing nmethod 0x000001ed682c3c10
Event: 4.132 Thread 0x000001ed7ed36490 flushing nmethod 0x000001ed68308e10
Event: 4.132 Thread 0x000001ed7ed36490 flushing nmethod 0x000001ed6830ac90
Event: 4.132 Thread 0x000001ed7ed36490 flushing nmethod 0x000001ed6830d890
Event: 4.132 Thread 0x000001ed7ed36490 flushing nmethod 0x000001ed6830dd10
Event: 4.132 Thread 0x000001ed7ed36490 flushing nmethod 0x000001ed68310a90
Event: 4.132 Thread 0x000001ed7ed36490 flushing nmethod 0x000001ed68312e10
Event: 4.132 Thread 0x000001ed7ed36490 flushing nmethod 0x000001ed68313590
Event: 4.132 Thread 0x000001ed7ed36490 flushing nmethod 0x000001ed68318f90
Event: 4.132 Thread 0x000001ed7ed36490 flushing nmethod 0x000001ed68319a10
Event: 4.132 Thread 0x000001ed7ed36490 flushing nmethod 0x000001ed68319e10
Event: 4.132 Thread 0x000001ed7ed36490 flushing nmethod 0x000001ed6831af10
Event: 4.132 Thread 0x000001ed7ed36490 flushing nmethod 0x000001ed68320210
Event: 4.132 Thread 0x000001ed7ed36490 flushing nmethod 0x000001ed68325290
Event: 4.132 Thread 0x000001ed7ed36490 flushing nmethod 0x000001ed68325810
Event: 4.132 Thread 0x000001ed7ed36490 flushing nmethod 0x000001ed68329510
Event: 4.132 Thread 0x000001ed7ed36490 flushing nmethod 0x000001ed68354b10


Dynamic libraries:
0x00007ff634270000 - 0x00007ff634280000 	C:\Program Files\Java\jdk-17\bin\java.exe
0x00007ff95fe60000 - 0x00007ff9600c7000 	C:\Windows\SYSTEM32\ntdll.dll
0x00007ff95df80000 - 0x00007ff95e049000 	C:\Windows\System32\KERNEL32.DLL
0x00007ff95c730000 - 0x00007ff95cb24000 	C:\Windows\System32\KERNELBASE.dll
0x00007ff95d790000 - 0x00007ff95d8db000 	C:\Windows\System32\ucrtbase.dll
0x00007ff945ff0000 - 0x00007ff94600b000 	C:\Program Files\Java\jdk-17\bin\VCRUNTIME140.dll
0x00007ff945ef0000 - 0x00007ff945f09000 	C:\Program Files\Java\jdk-17\bin\jli.dll
0x00007ff95ee90000 - 0x00007ff95ef46000 	C:\Windows\System32\ADVAPI32.dll
0x00007ff95ec00000 - 0x00007ff95eca9000 	C:\Windows\System32\msvcrt.dll
0x00007ff95ea00000 - 0x00007ff95eaa7000 	C:\Windows\System32\sechost.dll
0x00007ff95e280000 - 0x00007ff95e398000 	C:\Windows\System32\RPCRT4.dll
0x00007ff95e830000 - 0x00007ff95e9f5000 	C:\Windows\System32\USER32.dll
0x00007ff95db00000 - 0x00007ff95db27000 	C:\Windows\System32\win32u.dll
0x00007ff945a80000 - 0x00007ff945d13000 	C:\Windows\WinSxS\amd64_microsoft.windows.common-controls_6595b64144ccf1df_6.0.26100.8115_none_3e075c82e3354f9c\COMCTL32.dll
0x00007ff95fb70000 - 0x00007ff95fb9b000 	C:\Windows\System32\GDI32.dll
0x00007ff95d660000 - 0x00007ff95d78a000 	C:\Windows\System32\gdi32full.dll
0x00007ff95da50000 - 0x00007ff95daf3000 	C:\Windows\System32\msvcp_win.dll
0x00007ff94e0f0000 - 0x00007ff94e0fb000 	C:\Windows\SYSTEM32\VERSION.dll
0x00007ff95fa30000 - 0x00007ff95fa62000 	C:\Windows\System32\IMM32.DLL
0x00007ff946330000 - 0x00007ff94633c000 	C:\Program Files\Java\jdk-17\bin\vcruntime140_1.dll
0x00007ff90d4c0000 - 0x00007ff90d54e000 	C:\Program Files\Java\jdk-17\bin\msvcp140.dll
0x00007ff8b36b0000 - 0x00007ff8b4290000 	C:\Program Files\Java\jdk-17\bin\server\jvm.dll
0x00007ff95ed20000 - 0x00007ff95ed28000 	C:\Windows\System32\PSAPI.DLL
0x00007ff9425e0000 - 0x00007ff9425ea000 	C:\Windows\SYSTEM32\WSOCK32.dll
0x00007ff94a370000 - 0x00007ff94a3a6000 	C:\Windows\SYSTEM32\WINMM.dll
0x00007ff95e1f0000 - 0x00007ff95e270000 	C:\Windows\System32\WS2_32.dll
0x00007ff95b490000 - 0x00007ff95b4ab000 	C:\Windows\SYSTEM32\kernel.appcore.dll
0x00007ff946100000 - 0x00007ff94610a000 	C:\Program Files\Java\jdk-17\bin\jimage.dll
0x00007ff95a5b0000 - 0x00007ff95a7f2000 	C:\Windows\SYSTEM32\DBGHELP.DLL
0x00007ff95dbf0000 - 0x00007ff95df72000 	C:\Windows\System32\combase.dll
0x00007ff95f940000 - 0x00007ff95fa17000 	C:\Windows\System32\OLEAUT32.dll
0x00007ff947300000 - 0x00007ff94733b000 	C:\Windows\SYSTEM32\dbgcore.DLL
0x00007ff95d3a0000 - 0x00007ff95d445000 	C:\Windows\System32\bcryptPrimitives.dll
0x00007ff9459b0000 - 0x00007ff9459d5000 	C:\Program Files\Java\jdk-17\bin\java.dll
0x00007ff8e70c0000 - 0x00007ff8e7197000 	C:\Program Files\Java\jdk-17\bin\jsvml.dll
0x00007ff95f060000 - 0x00007ff95f7c6000 	C:\Windows\System32\SHELL32.dll
0x00007ff95d8e0000 - 0x00007ff95da4a000 	C:\Windows\System32\wintypes.dll
0x00007ff95cb30000 - 0x00007ff95d395000 	C:\Windows\System32\windows.storage.dll
0x00007ff95f7d0000 - 0x00007ff95f8c7000 	C:\Windows\System32\SHCORE.dll
0x00007ff95f8d0000 - 0x00007ff95f936000 	C:\Windows\System32\shlwapi.dll
0x00007ff95c650000 - 0x00007ff95c679000 	C:\Windows\SYSTEM32\profapi.dll
0x00007ff942a40000 - 0x00007ff942a59000 	C:\Program Files\Java\jdk-17\bin\net.dll
0x00007ff954220000 - 0x00007ff95434d000 	C:\Windows\SYSTEM32\WINHTTP.dll
0x00007ff95ba30000 - 0x00007ff95ba9c000 	C:\Windows\system32\mswsock.dll
0x00007ff942a20000 - 0x00007ff942a36000 	C:\Program Files\Java\jdk-17\bin\nio.dll
0x00007ff935680000 - 0x00007ff935698000 	C:\Program Files\Java\jdk-17\bin\zip.dll
0x00007ff92efd0000 - 0x00007ff92eff4000 	C:\Users\thuan\.m2\wrapper\dists\apache-maven-3.9.14\ed7edd442f634ac1c1ef5ba2b61b6d690b5221091f1a8e1123f5fadcc967520d\lib\jansi-native\Windows\x86_64\jansi.dll
0x00007ff945e70000 - 0x00007ff945e80000 	C:\Program Files\Java\jdk-17\bin\verify.dll

dbghelp: loaded successfully - version: 4.0.5 - missing functions: none
symbol engine: initialized successfully - sym options: 0x614 - pdb path: .;C:\Program Files\Java\jdk-17\bin;C:\Windows\SYSTEM32;C:\Windows\WinSxS\amd64_microsoft.windows.common-controls_6595b64144ccf1df_6.0.26100.8115_none_3e075c82e3354f9c;C:\Program Files\Java\jdk-17\bin\server;C:\Users\thuan\.m2\wrapper\dists\apache-maven-3.9.14\ed7edd442f634ac1c1ef5ba2b61b6d690b5221091f1a8e1123f5fadcc967520d\lib\jansi-native\Windows\x86_64

VM Arguments:
jvm_args: --enable-native-access=ALL-UNNAMED -Dclassworlds.conf=C:\Users\thuan\.m2\wrapper\dists\apache-maven-3.9.14\ed7edd442f634ac1c1ef5ba2b61b6d690b5221091f1a8e1123f5fadcc967520d\bin\m2.conf -Dmaven.home=C:\Users\thuan\.m2\wrapper\dists\apache-maven-3.9.14\ed7edd442f634ac1c1ef5ba2b61b6d690b5221091f1a8e1123f5fadcc967520d -Dlibrary.jansi.path=C:\Users\thuan\.m2\wrapper\dists\apache-maven-3.9.14\ed7edd442f634ac1c1ef5ba2b61b6d690b5221091f1a8e1123f5fadcc967520d\lib\jansi-native -Dmaven.multiModuleProjectDirectory=D:\HuuThuan - Project\SAM\BE-SAM-Editor 
java_command: org.codehaus.plexus.classworlds.launcher.Launcher spring-boot:run
java_class_path (initial): C:\Users\thuan\.m2\wrapper\dists\apache-maven-3.9.14\ed7edd442f634ac1c1ef5ba2b61b6d690b5221091f1a8e1123f5fadcc967520d\boot\plexus-classworlds-2.9.0.jar
Launcher Type: SUN_STANDARD

[Global flags]
     intx CICompilerCount                          = 12                                        {product} {ergonomic}
     uint ConcGCThreads                            = 3                                         {product} {ergonomic}
     uint G1ConcRefinementThreads                  = 13                                        {product} {ergonomic}
   size_t G1HeapRegionSize                         = 1048576                                   {product} {ergonomic}
    uintx GCDrainStackTargetSize                   = 64                                        {product} {ergonomic}
   size_t InitialHeapSize                          = 130023424                                 {product} {ergonomic}
   size_t MarkStackSize                            = 4194304                                   {product} {ergonomic}
   size_t MaxHeapSize                              = 2069889024                                {product} {ergonomic}
   size_t MaxNewSize                               = 1241513984                                {product} {ergonomic}
   size_t MinHeapDeltaBytes                        = 1048576                                   {product} {ergonomic}
   size_t MinHeapSize                              = 8388608                                   {product} {ergonomic}
    uintx NonNMethodCodeHeapSize                   = 7602480                                {pd product} {ergonomic}
    uintx NonProfiledCodeHeapSize                  = 122027880                              {pd product} {ergonomic}
    uintx ProfiledCodeHeapSize                     = 122027880                              {pd product} {ergonomic}
    uintx ReservedCodeCacheSize                    = 251658240                              {pd product} {ergonomic}
     bool SegmentedCodeCache                       = true                                      {product} {ergonomic}
   size_t SoftMaxHeapSize                          = 2069889024                             {manageable} {ergonomic}
     bool UseCompressedClassPointers               = true                           {product lp64_product} {ergonomic}
     bool UseCompressedOops                        = true                           {product lp64_product} {ergonomic}
     bool UseG1GC                                  = true                                      {product} {ergonomic}
     bool UseLargePagesIndividualAllocation        = false                                  {pd product} {ergonomic}

Logging:
Log output configuration:
 #0: stdout all=warning uptime,level,tags
 #1: stderr all=off uptime,level,tags

Environment Variables:
JAVA_HOME=C:\Program Files\Java\jdk-17
PATH=C:\Program Files\Common Files\Oracle\Java\javapath;C:\Program Files (x86)\Common Files\Oracle\Java\javapath;C:\Windows\system32;C:\Windows;C:\Windows\System32\Wbem;C:\Windows\System32\WindowsPowerShell\v1.0\;C:\Windows\System32\OpenSSH\;C:\Program Files (x86)\NVIDIA Corporation\PhysX\Common;C:\Program Files\NVIDIA Corporation\NVIDIA NvDLISR;C:\Windows\system32;C:\Windows;C:\Windows\System32\Wbem;C:\Windows\System32\WindowsPowerShell\v1.0\;C:\Windows\System32\OpenSSH\;C:\Program Files\Microsoft SQL Server\170\Tools\Binn\;C:\Program Files\Microsoft SQL Server\Client SDK\ODBC\170\Tools\Binn\;C:\Program Files\nodejs\;C:\Program Files\Git\cmd;C:\Program Files\Cloudflare\Cloudflare WARP\;C:\Program Files (x86)\Windows Kits\10\Windows Performance Toolkit\;C:\Program Files (x86)\Microsoft SQL Server\160\Tools\Binn\;C:\Program Files\Microsoft SQL Server\160\Tools\Binn\;C:\Program Files\Microsoft SQL Server\160\DTS\Binn\;C:\Program Files\dotnet\;C:\Program Files\Docker\Docker\resources\bin;C:\Users\thuan\scoop\shims;C:\Program Files\MySQL\MySQL Shell 8.0\bin\;C:\Users\thuan\AppData\Local\Microsoft\WindowsApps;C:\Users\thuan\AppData\Local\Programs\Microsoft VS Code\bin;C:\Users\thuan\AppData\Roaming\npm;C:\Users\thuan\.dotnet\tools;C:\Program Files\Java\jdk-17\bin;C:\Users\thuan\.dotnet\tools;C:\Users\thuan\AppData\Local\Programs\cursor\resources\app\bin;C:\Users\thuan\AppData\Local\Python\bin
USERNAME=thuan
LANG=en_US.UTF-8
OS=Windows_NT
PROCESSOR_IDENTIFIER=Intel64 Family 6 Model 141 Stepping 1, GenuineIntel



---------------  S Y S T E M  ---------------

OS:
 Windows 11 , 64 bit Build 26100 (10.0.26100.8115)
OS uptime: 1 days 23:37 hours
Hyper-V role detected

CPU: total 16 (initial active 16) (8 cores per cpu, 2 threads per core) family 6 model 141 stepping 1 microcode 0x34, cx8, cmov, fxsr, ht, mmx, 3dnowpref, sse, sse2, sse3, ssse3, sse4.1, sse4.2, popcnt, lzcnt, tsc, tscinvbit, avx, avx2, aes, erms, clmul, bmi1, bmi2, adx, avx512f, avx512dq, avx512cd, avx512bw, avx512vl, sha, fma, vzeroupper, avx512_vpopcntdq, avx512_vpclmulqdq, avx512_vaes, avx512_vnni, clflush, clflushopt, clwb, avx512_vbmi2, avx512_vbmi, hv

Memory: 4k page, system-wide physical 7893M (608M free)
TotalPageFile size 32469M (AvailPageFile size 96M)
current process WorkingSet (physical memory assigned to process): 221M, peak: 240M
current process commit charge ("private bytes"): 294M, peak: 553M

vm_info: Java HotSpot(TM) 64-Bit Server VM (17.0.12+8-LTS-286) for windows-amd64 JRE (17.0.12+8-LTS-286), built on Jun  5 2024 06:46:59 by "mach5one" with MS VC++ 17.6 (VS2022)

END.
