#
# There is insufficient memory for the Java Runtime Environment to continue.
# Native memory allocation (mmap) failed to map 49283072 bytes for G1 virtual space
# Possible reasons:
#   The system is out of physical RAM or swap space
#   The process is running with CompressedOops enabled, and the Java Heap may be blocking the growth of the native heap
# Possible solutions:
#   Reduce memory load on the system
#   Increase physical memory or swap space
#   Check if swap backing store is full
#   Decrease Java heap size (-Xmx/-Xms)
#   Decrease number of Java threads
#   Decrease Java thread stack sizes (-Xss)
#   Set larger code cache with -XX:ReservedCodeCacheSize=
#   JVM is running with Unscaled Compressed Oops mode in which the Java heap is
#     placed in the first 4GB address space. The Java Heap base address is the
#     maximum limit for the native heap growth. Please use -XX:HeapBaseMinAddress
#     to set the Java Heap base and to place the Java Heap above 4GB virtual address.
# This output file may be truncated or incomplete.
#
#  Out of Memory Error (os_windows.cpp:3548), pid=26436, tid=18052
#
# JRE version: Java(TM) SE Runtime Environment (17.0.12+8) (build 17.0.12+8-LTS-286)
# Java VM: Java HotSpot(TM) 64-Bit Server VM (17.0.12+8-LTS-286, mixed mode, sharing, tiered, compressed oops, compressed class ptrs, g1 gc, windows-amd64)
# No core dump will be written. Minidumps are not enabled by default on client versions of Windows
#

---------------  S U M M A R Y ------------

Command Line: --enable-native-access=ALL-UNNAMED -Dclassworlds.conf=C:\Users\thuan\.m2\wrapper\dists\apache-maven-3.9.14\ed7edd442f634ac1c1ef5ba2b61b6d690b5221091f1a8e1123f5fadcc967520d\bin\m2.conf -Dmaven.home=C:\Users\thuan\.m2\wrapper\dists\apache-maven-3.9.14\ed7edd442f634ac1c1ef5ba2b61b6d690b5221091f1a8e1123f5fadcc967520d -Dlibrary.jansi.path=C:\Users\thuan\.m2\wrapper\dists\apache-maven-3.9.14\ed7edd442f634ac1c1ef5ba2b61b6d690b5221091f1a8e1123f5fadcc967520d\lib\jansi-native -Dmaven.multiModuleProjectDirectory=D:\HuuThuan - Project\SAM\BE-SAM-Editor org.codehaus.plexus.classworlds.launcher.Launcher spring-boot:run

Host: 11th Gen Intel(R) Core(TM) i7-11800H @ 2.30GHz, 16 cores, 7G,  Windows 11 , 64 bit Build 26100 (10.0.26100.8115)
Time: Sun Apr 12 21:52:26 2026 SE Asia Standard Time elapsed time: 5.986709 seconds (0d 0h 0m 5s)

---------------  T H R E A D  ---------------

Current thread (0x0000017d7d47c520):  VMThread "VM Thread" [stack: 0x0000007324a00000,0x0000007324b00000] [id=18052]

Stack: [0x0000007324a00000,0x0000007324b00000]
Native frames: (J=compiled Java code, j=interpreted, Vv=VM code, C=native code)
V  [jvm.dll+0x67a04a]
V  [jvm.dll+0x7da4ed]
V  [jvm.dll+0x7dbe33]
V  [jvm.dll+0x7dc4a3]
V  [jvm.dll+0x24508f]
V  [jvm.dll+0x677089]
V  [jvm.dll+0x66bd32]
V  [jvm.dll+0x301fa6]
V  [jvm.dll+0x309546]
V  [jvm.dll+0x359d2e]
V  [jvm.dll+0x359f5f]
V  [jvm.dll+0x2d9078]
V  [jvm.dll+0x2d74ad]
V  [jvm.dll+0x2d6afc]
V  [jvm.dll+0x31a65b]
V  [jvm.dll+0x7e0d9b]
V  [jvm.dll+0x7e1ad4]
V  [jvm.dll+0x7e1fed]
V  [jvm.dll+0x7e23c4]
V  [jvm.dll+0x7e2490]
V  [jvm.dll+0x78abea]
V  [jvm.dll+0x678f35]
C  [ucrtbase.dll+0x37b0]
C  [KERNEL32.DLL+0x2e8d7]
C  [ntdll.dll+0x8c3fc]

VM_Operation (0x00000073244fa7f0): G1CollectForAllocation, mode: safepoint, requested by thread 0x0000017d6da61a60


---------------  P R O C E S S  ---------------

Threads class SMR info:
_java_thread_list=0x0000017d7e4bdf50, length=17, elements={
0x0000017d6da61a60, 0x0000017d7d4802c0, 0x0000017d7d480c80, 0x0000017d7d4970c0,
0x0000017d7d497a80, 0x0000017d7d498440, 0x0000017d7d499210, 0x0000017d7d499fb0,
0x0000017d7d49ce80, 0x0000017d7d49f890, 0x0000017d7d4ce0c0, 0x0000017d7d75b4f0,
0x0000017d7d76a400, 0x0000017d7da66fc0, 0x0000017d7dd1da70, 0x0000017d7e1784a0,
0x0000017d7e2da420
}

Java Threads: ( => current thread )
  0x0000017d6da61a60 JavaThread "main" [_thread_blocked, id=24364, stack(0x0000007324400000,0x0000007324500000)]
  0x0000017d7d4802c0 JavaThread "Reference Handler" daemon [_thread_blocked, id=33484, stack(0x0000007324b00000,0x0000007324c00000)]
  0x0000017d7d480c80 JavaThread "Finalizer" daemon [_thread_blocked, id=33120, stack(0x0000007324c00000,0x0000007324d00000)]
  0x0000017d7d4970c0 JavaThread "Signal Dispatcher" daemon [_thread_blocked, id=9792, stack(0x0000007324d00000,0x0000007324e00000)]
  0x0000017d7d497a80 JavaThread "Attach Listener" daemon [_thread_blocked, id=32880, stack(0x0000007324e00000,0x0000007324f00000)]
  0x0000017d7d498440 JavaThread "Service Thread" daemon [_thread_blocked, id=14976, stack(0x0000007324f00000,0x0000007325000000)]
  0x0000017d7d499210 JavaThread "Monitor Deflation Thread" daemon [_thread_blocked, id=25728, stack(0x0000007325000000,0x0000007325100000)]
  0x0000017d7d499fb0 JavaThread "C2 CompilerThread0" daemon [_thread_blocked, id=33440, stack(0x0000007325100000,0x0000007325200000)]
  0x0000017d7d49ce80 JavaThread "C1 CompilerThread0" daemon [_thread_blocked, id=31668, stack(0x0000007325200000,0x0000007325300000)]
  0x0000017d7d49f890 JavaThread "Sweeper thread" daemon [_thread_blocked, id=16756, stack(0x0000007325300000,0x0000007325400000)]
  0x0000017d7d4ce0c0 JavaThread "C1 CompilerThread1" daemon [_thread_blocked, id=28588, stack(0x0000007325400000,0x0000007325500000)]
  0x0000017d7d75b4f0 JavaThread "Notification Thread" daemon [_thread_blocked, id=27104, stack(0x0000007325500000,0x0000007325600000)]
  0x0000017d7d76a400 JavaThread "Common-Cleaner" daemon [_thread_blocked, id=24988, stack(0x0000007325700000,0x0000007325800000)]
  0x0000017d7da66fc0 JavaThread "C2 CompilerThread1" daemon [_thread_blocked, id=27696, stack(0x0000007325900000,0x0000007325a00000)]
  0x0000017d7dd1da70 JavaThread "C1 CompilerThread2" daemon [_thread_blocked, id=25216, stack(0x0000007325a00000,0x0000007325b00000)]
  0x0000017d7e1784a0 JavaThread "C1 CompilerThread3" daemon [_thread_blocked, id=23704, stack(0x0000007326200000,0x0000007326300000)]
  0x0000017d7e2da420 JavaThread "Thread-1" daemon [_thread_blocked, id=7988, stack(0x0000007326300000,0x0000007326400000)]

Other Threads:
=>0x0000017d7d47c520 VMThread "VM Thread" [stack: 0x0000007324a00000,0x0000007324b00000] [id=18052]
  0x0000017d7d763360 WatcherThread [stack: 0x0000007325600000,0x0000007325700000] [id=32772]
  0x0000017d6dac2800 GCTaskThread "GC Thread#0" [stack: 0x0000007324500000,0x0000007324600000] [id=19808]
  0x0000017d7e0372d0 GCTaskThread "GC Thread#1" [stack: 0x0000007325800000,0x0000007325900000] [id=31044]
  0x0000017d7e1ec520 GCTaskThread "GC Thread#2" [stack: 0x0000007325b00000,0x0000007325c00000] [id=27788]
  0x0000017d7e1ec9f0 GCTaskThread "GC Thread#3" [stack: 0x0000007325c00000,0x0000007325d00000] [id=4488]
  0x0000017d7e1eccb0 GCTaskThread "GC Thread#4" [stack: 0x0000007325d00000,0x0000007325e00000] [id=3492]
  0x0000017d7e1ecf70 GCTaskThread "GC Thread#5" [stack: 0x0000007325e00000,0x0000007325f00000] [id=26740]
  0x0000017d7e1ed640 GCTaskThread "GC Thread#6" [stack: 0x0000007325f00000,0x0000007326000000] [id=15868]
  0x0000017d7e0bfcd0 GCTaskThread "GC Thread#7" [stack: 0x0000007326000000,0x0000007326100000] [id=24580]
  0x0000017d7e0bff90 GCTaskThread "GC Thread#8" [stack: 0x0000007326100000,0x0000007326200000] [id=29024]
  0x0000017d7e0c0a90 GCTaskThread "GC Thread#9" [stack: 0x0000007326400000,0x0000007326500000] [id=18068]
  0x0000017d7e0c0d50 GCTaskThread "GC Thread#10" [stack: 0x0000007326500000,0x0000007326600000] [id=17536]
  0x0000017d7e0c1010 GCTaskThread "GC Thread#11" [stack: 0x0000007326600000,0x0000007326700000] [id=26580]
  0x0000017d7e0bf490 GCTaskThread "GC Thread#12" [stack: 0x0000007326700000,0x0000007326800000] [id=25124]
  0x0000017d6dad2d10 ConcurrentGCThread "G1 Main Marker" [stack: 0x0000007324600000,0x0000007324700000] [id=9008]
  0x0000017d6dad42f0 ConcurrentGCThread "G1 Conc#0" [stack: 0x0000007324700000,0x0000007324800000] [id=24140]
  0x0000017d7edbef00 ConcurrentGCThread "G1 Conc#1" [stack: 0x0000007326800000,0x0000007326900000] [id=31132]
  0x0000017d7edbff80 ConcurrentGCThread "G1 Conc#2" [stack: 0x0000007326900000,0x0000007326a00000] [id=15220]
  0x0000017d7d31c1a0 ConcurrentGCThread "G1 Refine#0" [stack: 0x0000007324800000,0x0000007324900000] [id=31420]
  0x0000017d7d31d980 ConcurrentGCThread "G1 Service" [stack: 0x0000007324900000,0x0000007324a00000] [id=26560]

Threads with active compile tasks:
C2 CompilerThread0     6014 6878   !   4       com.sun.tools.javac.jvm.ClassReader::classSigToType (497 bytes)
C1 CompilerThread0     6014 7058       3       com.sun.tools.javac.code.Types::capture (556 bytes)
C2 CompilerThread1     6014 6778       4       jdk.internal.jrtfs.JrtPath::getFileName (78 bytes)

VM state: at safepoint (normal execution)

VM Mutex/Monitor currently owned by a thread:  ([mutex/lock_event])
[0x0000017d6da5e8b0] Threads_lock - owner thread: 0x0000017d7d47c520
[0x0000017d6da5ed30] Heap_lock - owner thread: 0x0000017d6da61a60

Heap address: 0x0000000084a00000, size: 1974 MB, Compressed Oops mode: 32-bit

CDS archive(s) mapped at: [0x0000017d0f000000-0x0000017d0fbd0000-0x0000017d0fbd0000), size 12386304, SharedBaseAddress: 0x0000017d0f000000, ArchiveRelocationMode: 1.
Compressed class space mapped at: 0x0000017d10000000-0x0000017d50000000, reserved size: 1073741824
Narrow klass base: 0x0000017d0f000000, Narrow klass shift: 0, Narrow klass range: 0x100000000

GC Precious Log:
 CPUs: 16 total, 16 available
 Memory: 7893M
 Large Page Support: Disabled
 NUMA Support: Disabled
 Compressed Oops: Enabled (32-bit)
 Heap Region Size: 1M
 Heap Min Capacity: 8M
 Heap Initial Capacity: 124M
 Heap Max Capacity: 1974M
 Pre-touch: Disabled
 Parallel Workers: 13
 Concurrent Workers: 3
 Concurrent Refinement Workers: 13
 Periodic GC: Disabled

Heap:
 garbage-first heap   total 156672K, used 47104K [0x0000000084a00000, 0x0000000100000000)
  region size 1024K, 4 young (4096K), 4 survivors (4096K)
 Metaspace       used 27167K, committed 27520K, reserved 1114112K
  class space    used 3073K, committed 3200K, reserved 1048576K

Heap Regions: E=young(eden), S=young(survivor), O=old, HS=humongous(starts), HC=humongous(continues), CS=collection set, F=free, OA=open archive, CA=closed archive, TAMS=top-at-mark-start (previous, next)
|   0|0x0000000084a00000, 0x0000000084b00000, 0x0000000084b00000|100%| O|  |TAMS 0x0000000084b00000, 0x0000000084b00000| Untracked 
|   1|0x0000000084b00000, 0x0000000084c00000, 0x0000000084c00000|100%| O|  |TAMS 0x0000000084c00000, 0x0000000084c00000| Untracked 
|   2|0x0000000084c00000, 0x0000000084d00000, 0x0000000084d00000|100%| O|  |TAMS 0x0000000084d00000, 0x0000000084d00000| Untracked 
|   3|0x0000000084d00000, 0x0000000084e00000, 0x0000000084e00000|100%| O|  |TAMS 0x0000000084e00000, 0x0000000084e00000| Untracked 
|   4|0x0000000084e00000, 0x0000000084f00000, 0x0000000084f00000|100%| O|  |TAMS 0x0000000084f00000, 0x0000000084f00000| Untracked 
|   5|0x0000000084f00000, 0x0000000085000000, 0x0000000085000000|100%| O|  |TAMS 0x0000000085000000, 0x0000000085000000| Untracked 
|   6|0x0000000085000000, 0x0000000085100000, 0x0000000085100000|100%| O|  |TAMS 0x0000000085100000, 0x0000000085100000| Untracked 
|   7|0x0000000085100000, 0x0000000085200000, 0x0000000085200000|100%| O|  |TAMS 0x0000000085200000, 0x0000000085200000| Untracked 
|   8|0x0000000085200000, 0x0000000085300000, 0x0000000085300000|100%| O|  |TAMS 0x0000000085300000, 0x0000000085300000| Untracked 
|   9|0x0000000085300000, 0x0000000085400000, 0x0000000085400000|100%| O|  |TAMS 0x0000000085400000, 0x0000000085400000| Untracked 
|  10|0x0000000085400000, 0x0000000085500000, 0x0000000085500000|100%| O|  |TAMS 0x0000000085500000, 0x0000000085500000| Untracked 
|  11|0x0000000085500000, 0x0000000085600000, 0x0000000085600000|100%| O|  |TAMS 0x0000000085600000, 0x0000000085600000| Untracked 
|  12|0x0000000085600000, 0x0000000085700000, 0x0000000085700000|100%| O|  |TAMS 0x0000000085600000, 0x0000000085600000| Untracked 
|  13|0x0000000085700000, 0x0000000085800000, 0x0000000085800000|100%| O|  |TAMS 0x0000000085700000, 0x0000000085800000| Untracked 
|  14|0x0000000085800000, 0x0000000085900000, 0x0000000085900000|100%| O|  |TAMS 0x0000000085800000, 0x0000000085900000| Untracked 
|  15|0x0000000085900000, 0x0000000085a00000, 0x0000000085a00000|100%|HS|  |TAMS 0x0000000085a00000, 0x0000000085a00000| Complete 
|  16|0x0000000085a00000, 0x0000000085b00000, 0x0000000085b00000|100%|HC|  |TAMS 0x0000000085b00000, 0x0000000085b00000| Complete 
|  17|0x0000000085b00000, 0x0000000085c00000, 0x0000000085c00000|100%|HS|  |TAMS 0x0000000085b00000, 0x0000000085c00000| Complete 
|  18|0x0000000085c00000, 0x0000000085d00000, 0x0000000085d00000|100%| O|  |TAMS 0x0000000085c00000, 0x0000000085d00000| Untracked 
|  19|0x0000000085d00000, 0x0000000085e00000, 0x0000000085e00000|100%| O|  |TAMS 0x0000000085d00000, 0x0000000085e00000| Untracked 
|  20|0x0000000085e00000, 0x0000000085f00000, 0x0000000085f00000|100%| O|  |TAMS 0x0000000085e00000, 0x0000000085f00000| Untracked 
|  21|0x0000000085f00000, 0x0000000086000000, 0x0000000086000000|100%| O|  |TAMS 0x0000000085f00000, 0x0000000086000000| Untracked 
|  22|0x0000000086000000, 0x0000000086100000, 0x0000000086100000|100%| O|  |TAMS 0x0000000086000000, 0x0000000086100000| Untracked 
|  23|0x0000000086100000, 0x0000000086200000, 0x0000000086200000|100%| O|  |TAMS 0x0000000086100000, 0x0000000086200000| Untracked 
|  24|0x0000000086200000, 0x0000000086300000, 0x0000000086300000|100%| O|  |TAMS 0x0000000086200000, 0x0000000086300000| Untracked 
|  25|0x0000000086300000, 0x0000000086400000, 0x0000000086400000|100%| O|  |TAMS 0x0000000086300000, 0x0000000086400000| Untracked 
|  26|0x0000000086400000, 0x0000000086500000, 0x0000000086500000|100%| O|  |TAMS 0x0000000086400000, 0x0000000086500000| Untracked 
|  27|0x0000000086500000, 0x0000000086600000, 0x0000000086600000|100%| O|  |TAMS 0x0000000086500000, 0x0000000086600000| Untracked 
|  28|0x0000000086600000, 0x0000000086700000, 0x0000000086700000|100%| O|  |TAMS 0x0000000086600000, 0x0000000086700000| Untracked 
|  29|0x0000000086700000, 0x0000000086800000, 0x0000000086800000|100%| O|  |TAMS 0x0000000086700000, 0x0000000086800000| Untracked 
|  30|0x0000000086800000, 0x0000000086900000, 0x0000000086900000|100%| O|  |TAMS 0x0000000086800000, 0x0000000086900000| Untracked 
|  31|0x0000000086900000, 0x0000000086a00000, 0x0000000086a00000|100%| O|  |TAMS 0x0000000086900000, 0x0000000086900000| Untracked 
|  32|0x0000000086a00000, 0x0000000086a00000, 0x0000000086b00000|  0%| F|  |TAMS 0x0000000086a00000, 0x0000000086a00000| Untracked 
|  33|0x0000000086b00000, 0x0000000086b00000, 0x0000000086c00000|  0%| F|  |TAMS 0x0000000086b00000, 0x0000000086b00000| Untracked 
|  34|0x0000000086c00000, 0x0000000086c00000, 0x0000000086d00000|  0%| F|  |TAMS 0x0000000086c00000, 0x0000000086c00000| Untracked 
|  35|0x0000000086d00000, 0x0000000086d00000, 0x0000000086e00000|  0%| F|  |TAMS 0x0000000086d00000, 0x0000000086d00000| Untracked 
|  36|0x0000000086e00000, 0x0000000086e00000, 0x0000000086f00000|  0%| F|  |TAMS 0x0000000086e00000, 0x0000000086e00000| Untracked 
|  37|0x0000000086f00000, 0x0000000086f00000, 0x0000000087000000|  0%| F|  |TAMS 0x0000000086f00000, 0x0000000086f00000| Untracked 
|  38|0x0000000087000000, 0x0000000087100000, 0x0000000087100000|100%| O|  |TAMS 0x0000000087000000, 0x0000000087100000| Untracked 
|  39|0x0000000087100000, 0x0000000087200000, 0x0000000087200000|100%| O|  |TAMS 0x0000000087100000, 0x0000000087200000| Untracked 
|  40|0x0000000087200000, 0x0000000087300000, 0x0000000087300000|100%| O|  |TAMS 0x0000000087200000, 0x0000000087300000| Untracked 
|  41|0x0000000087300000, 0x0000000087400000, 0x0000000087400000|100%| O|  |TAMS 0x0000000087300000, 0x0000000087400000| Untracked 
|  42|0x0000000087400000, 0x0000000087500000, 0x0000000087500000|100%| O|  |TAMS 0x0000000087400000, 0x0000000087500000| Untracked 
|  43|0x0000000087500000, 0x0000000087600000, 0x0000000087600000|100%| O|  |TAMS 0x0000000087500000, 0x0000000087580000| Untracked 
|  44|0x0000000087600000, 0x0000000087600000, 0x0000000087700000|  0%| F|  |TAMS 0x0000000087600000, 0x0000000087600000| Untracked 
|  45|0x0000000087700000, 0x0000000087700000, 0x0000000087800000|  0%| F|  |TAMS 0x0000000087700000, 0x0000000087700000| Untracked 
|  46|0x0000000087800000, 0x0000000087800000, 0x0000000087900000|  0%| F|  |TAMS 0x0000000087800000, 0x0000000087800000| Untracked 
|  47|0x0000000087900000, 0x0000000087900000, 0x0000000087a00000|  0%| F|  |TAMS 0x0000000087900000, 0x0000000087900000| Untracked 
|  48|0x0000000087a00000, 0x0000000087a00000, 0x0000000087b00000|  0%| F|  |TAMS 0x0000000087a00000, 0x0000000087a00000| Untracked 
|  49|0x0000000087b00000, 0x0000000087b00000, 0x0000000087c00000|  0%| F|  |TAMS 0x0000000087b00000, 0x0000000087b00000| Untracked 
|  50|0x0000000087c00000, 0x0000000087c00000, 0x0000000087d00000|  0%| F|  |TAMS 0x0000000087c00000, 0x0000000087c00000| Untracked 
|  51|0x0000000087d00000, 0x0000000087d00000, 0x0000000087e00000|  0%| F|  |TAMS 0x0000000087d00000, 0x0000000087d00000| Untracked 
|  52|0x0000000087e00000, 0x0000000087e00000, 0x0000000087f00000|  0%| F|  |TAMS 0x0000000087e00000, 0x0000000087e00000| Untracked 
|  53|0x0000000087f00000, 0x0000000087f00000, 0x0000000088000000|  0%| F|  |TAMS 0x0000000087f00000, 0x0000000087f00000| Untracked 
|  54|0x0000000088000000, 0x0000000088000000, 0x0000000088100000|  0%| F|  |TAMS 0x0000000088000000, 0x0000000088000000| Untracked 
|  55|0x0000000088100000, 0x0000000088100000, 0x0000000088200000|  0%| F|  |TAMS 0x0000000088100000, 0x0000000088100000| Untracked 
|  56|0x0000000088200000, 0x0000000088200000, 0x0000000088300000|  0%| F|  |TAMS 0x0000000088200000, 0x0000000088200000| Untracked 
|  57|0x0000000088300000, 0x0000000088300000, 0x0000000088400000|  0%| F|  |TAMS 0x0000000088300000, 0x0000000088300000| Untracked 
|  58|0x0000000088400000, 0x0000000088400000, 0x0000000088500000|  0%| F|  |TAMS 0x0000000088400000, 0x0000000088400000| Untracked 
|  59|0x0000000088500000, 0x0000000088500000, 0x0000000088600000|  0%| F|  |TAMS 0x0000000088500000, 0x0000000088500000| Untracked 
|  60|0x0000000088600000, 0x0000000088700000, 0x0000000088700000|100%| S|CS|TAMS 0x0000000088600000, 0x0000000088600000| Complete 
|  61|0x0000000088700000, 0x0000000088800000, 0x0000000088800000|100%| S|CS|TAMS 0x0000000088700000, 0x0000000088700000| Complete 
|  62|0x0000000088800000, 0x0000000088900000, 0x0000000088900000|100%| S|CS|TAMS 0x0000000088800000, 0x0000000088800000| Complete 
|  63|0x0000000088900000, 0x0000000088a00000, 0x0000000088a00000|100%| S|CS|TAMS 0x0000000088900000, 0x0000000088900000| Complete 
|  64|0x0000000088a00000, 0x0000000088a00000, 0x0000000088b00000|  0%| F|  |TAMS 0x0000000088a00000, 0x0000000088a00000| Untracked 
|  65|0x0000000088b00000, 0x0000000088b00000, 0x0000000088c00000|  0%| F|  |TAMS 0x0000000088b00000, 0x0000000088b00000| Untracked 
|  66|0x0000000088c00000, 0x0000000088c00000, 0x0000000088d00000|  0%| F|  |TAMS 0x0000000088c00000, 0x0000000088c00000| Untracked 
|  67|0x0000000088d00000, 0x0000000088d00000, 0x0000000088e00000|  0%| F|  |TAMS 0x0000000088d00000, 0x0000000088d00000| Untracked 
|  68|0x0000000088e00000, 0x0000000088e00000, 0x0000000088f00000|  0%| F|  |TAMS 0x0000000088e00000, 0x0000000088e00000| Untracked 
|  69|0x0000000088f00000, 0x0000000088f00000, 0x0000000089000000|  0%| F|  |TAMS 0x0000000088f00000, 0x0000000088f00000| Untracked 
|  70|0x0000000089000000, 0x0000000089000000, 0x0000000089100000|  0%| F|  |TAMS 0x0000000089000000, 0x0000000089000000| Untracked 
|  71|0x0000000089100000, 0x0000000089100000, 0x0000000089200000|  0%| F|  |TAMS 0x0000000089100000, 0x0000000089100000| Untracked 
|  72|0x0000000089200000, 0x0000000089200000, 0x0000000089300000|  0%| F|  |TAMS 0x0000000089200000, 0x0000000089200000| Untracked 
|  73|0x0000000089300000, 0x0000000089300000, 0x0000000089400000|  0%| F|  |TAMS 0x0000000089300000, 0x0000000089300000| Untracked 
|  74|0x0000000089400000, 0x0000000089400000, 0x0000000089500000|  0%| F|  |TAMS 0x0000000089400000, 0x0000000089400000| Untracked 
|  75|0x0000000089500000, 0x0000000089500000, 0x0000000089600000|  0%| F|  |TAMS 0x0000000089500000, 0x0000000089500000| Untracked 
|  76|0x0000000089600000, 0x0000000089600000, 0x0000000089700000|  0%| F|  |TAMS 0x0000000089600000, 0x0000000089600000| Untracked 
|  77|0x0000000089700000, 0x0000000089700000, 0x0000000089800000|  0%| F|  |TAMS 0x0000000089700000, 0x0000000089700000| Untracked 
|  78|0x0000000089800000, 0x0000000089800000, 0x0000000089900000|  0%| F|  |TAMS 0x0000000089800000, 0x0000000089800000| Untracked 
|  79|0x0000000089900000, 0x0000000089900000, 0x0000000089a00000|  0%| F|  |TAMS 0x0000000089900000, 0x0000000089900000| Untracked 
|  80|0x0000000089a00000, 0x0000000089a00000, 0x0000000089b00000|  0%| F|  |TAMS 0x0000000089a00000, 0x0000000089a00000| Untracked 
|  81|0x0000000089b00000, 0x0000000089b00000, 0x0000000089c00000|  0%| F|  |TAMS 0x0000000089b00000, 0x0000000089b00000| Untracked 
|  82|0x0000000089c00000, 0x0000000089c00000, 0x0000000089d00000|  0%| F|  |TAMS 0x0000000089c00000, 0x0000000089c00000| Untracked 
|  83|0x0000000089d00000, 0x0000000089d00000, 0x0000000089e00000|  0%| F|  |TAMS 0x0000000089d00000, 0x0000000089d00000| Untracked 
|  84|0x0000000089e00000, 0x0000000089e00000, 0x0000000089f00000|  0%| F|  |TAMS 0x0000000089e00000, 0x0000000089e00000| Untracked 
|  85|0x0000000089f00000, 0x0000000089f00000, 0x000000008a000000|  0%| F|  |TAMS 0x0000000089f00000, 0x0000000089f00000| Untracked 
|  86|0x000000008a000000, 0x000000008a000000, 0x000000008a100000|  0%| F|  |TAMS 0x000000008a000000, 0x000000008a000000| Untracked 
|  87|0x000000008a100000, 0x000000008a100000, 0x000000008a200000|  0%| F|  |TAMS 0x000000008a100000, 0x000000008a100000| Untracked 
|  88|0x000000008a200000, 0x000000008a200000, 0x000000008a300000|  0%| F|  |TAMS 0x000000008a200000, 0x000000008a200000| Untracked 
|  89|0x000000008a300000, 0x000000008a300000, 0x000000008a400000|  0%| F|  |TAMS 0x000000008a300000, 0x000000008a300000| Untracked 
|  90|0x000000008a400000, 0x000000008a400000, 0x000000008a500000|  0%| F|  |TAMS 0x000000008a400000, 0x000000008a400000| Untracked 
|  91|0x000000008a500000, 0x000000008a500000, 0x000000008a600000|  0%| F|  |TAMS 0x000000008a500000, 0x000000008a500000| Untracked 
|  92|0x000000008a600000, 0x000000008a600000, 0x000000008a700000|  0%| F|  |TAMS 0x000000008a600000, 0x000000008a600000| Untracked 
|  93|0x000000008a700000, 0x000000008a700000, 0x000000008a800000|  0%| F|  |TAMS 0x000000008a700000, 0x000000008a700000| Untracked 
|  94|0x000000008a800000, 0x000000008a800000, 0x000000008a900000|  0%| F|  |TAMS 0x000000008a800000, 0x000000008a800000| Untracked 
|  95|0x000000008a900000, 0x000000008a900000, 0x000000008aa00000|  0%| F|  |TAMS 0x000000008a900000, 0x000000008a900000| Untracked 
|  96|0x000000008aa00000, 0x000000008aa00000, 0x000000008ab00000|  0%| F|  |TAMS 0x000000008aa00000, 0x000000008aa00000| Untracked 
|  97|0x000000008ab00000, 0x000000008ab00000, 0x000000008ac00000|  0%| F|  |TAMS 0x000000008ab00000, 0x000000008ab00000| Untracked 
|  98|0x000000008ac00000, 0x000000008ac00000, 0x000000008ad00000|  0%| F|  |TAMS 0x000000008ac00000, 0x000000008ac00000| Untracked 
|  99|0x000000008ad00000, 0x000000008ad00000, 0x000000008ae00000|  0%| F|  |TAMS 0x000000008ad00000, 0x000000008ad00000| Untracked 
| 100|0x000000008ae00000, 0x000000008ae00000, 0x000000008af00000|  0%| F|  |TAMS 0x000000008ae00000, 0x000000008ae00000| Untracked 
| 101|0x000000008af00000, 0x000000008af00000, 0x000000008b000000|  0%| F|  |TAMS 0x000000008af00000, 0x000000008af00000| Untracked 
| 102|0x000000008b000000, 0x000000008b000000, 0x000000008b100000|  0%| F|  |TAMS 0x000000008b000000, 0x000000008b000000| Untracked 
| 103|0x000000008b100000, 0x000000008b100000, 0x000000008b200000|  0%| F|  |TAMS 0x000000008b100000, 0x000000008b100000| Untracked 
| 104|0x000000008b200000, 0x000000008b200000, 0x000000008b300000|  0%| F|  |TAMS 0x000000008b200000, 0x000000008b200000| Untracked 
| 105|0x000000008b300000, 0x000000008b300000, 0x000000008b400000|  0%| F|  |TAMS 0x000000008b300000, 0x000000008b300000| Untracked 
| 106|0x000000008b400000, 0x000000008b400000, 0x000000008b500000|  0%| F|  |TAMS 0x000000008b400000, 0x000000008b400000| Untracked 
| 107|0x000000008b500000, 0x000000008b500000, 0x000000008b600000|  0%| F|  |TAMS 0x000000008b500000, 0x000000008b500000| Untracked 
| 108|0x000000008b600000, 0x000000008b600000, 0x000000008b700000|  0%| F|  |TAMS 0x000000008b600000, 0x000000008b600000| Untracked 
| 109|0x000000008b700000, 0x000000008b700000, 0x000000008b800000|  0%| F|  |TAMS 0x000000008b700000, 0x000000008b700000| Untracked 
| 110|0x000000008b800000, 0x000000008b800000, 0x000000008b900000|  0%| F|  |TAMS 0x000000008b800000, 0x000000008b800000| Untracked 
| 111|0x000000008b900000, 0x000000008b900000, 0x000000008ba00000|  0%| F|  |TAMS 0x000000008b900000, 0x000000008b900000| Untracked 
| 112|0x000000008ba00000, 0x000000008ba00000, 0x000000008bb00000|  0%| F|  |TAMS 0x000000008ba00000, 0x000000008ba00000| Untracked 
| 113|0x000000008bb00000, 0x000000008bb00000, 0x000000008bc00000|  0%| F|  |TAMS 0x000000008bb00000, 0x000000008bb00000| Untracked 
| 114|0x000000008bc00000, 0x000000008bc00000, 0x000000008bd00000|  0%| F|  |TAMS 0x000000008bc00000, 0x000000008bc00000| Untracked 
| 115|0x000000008bd00000, 0x000000008bd00000, 0x000000008be00000|  0%| F|  |TAMS 0x000000008bd00000, 0x000000008bd00000| Untracked 
| 116|0x000000008be00000, 0x000000008be00000, 0x000000008bf00000|  0%| F|  |TAMS 0x000000008be00000, 0x000000008be00000| Untracked 
| 117|0x000000008bf00000, 0x000000008bf00000, 0x000000008c000000|  0%| F|  |TAMS 0x000000008bf00000, 0x000000008bf00000| Untracked 
| 118|0x000000008c000000, 0x000000008c000000, 0x000000008c100000|  0%| F|  |TAMS 0x000000008c000000, 0x000000008c000000| Untracked 
| 119|0x000000008c100000, 0x000000008c100000, 0x000000008c200000|  0%| F|  |TAMS 0x000000008c100000, 0x000000008c100000| Untracked 
| 120|0x000000008c200000, 0x000000008c200000, 0x000000008c300000|  0%| F|  |TAMS 0x000000008c200000, 0x000000008c200000| Untracked 
| 121|0x000000008c300000, 0x000000008c300000, 0x000000008c400000|  0%| F|  |TAMS 0x000000008c300000, 0x000000008c300000| Untracked 
| 122|0x000000008c400000, 0x000000008c400000, 0x000000008c500000|  0%| F|  |TAMS 0x000000008c400000, 0x000000008c400000| Untracked 
| 123|0x000000008c500000, 0x000000008c500000, 0x000000008c600000|  0%| F|  |TAMS 0x000000008c500000, 0x000000008c500000| Untracked 
| 124|0x000000008c600000, 0x000000008c600000, 0x000000008c700000|  0%| F|  |TAMS 0x000000008c600000, 0x000000008c600000| Untracked 
| 125|0x000000008c700000, 0x000000008c700000, 0x000000008c800000|  0%| F|  |TAMS 0x000000008c700000, 0x000000008c700000| Untracked 
| 126|0x000000008c800000, 0x000000008c800000, 0x000000008c900000|  0%| F|  |TAMS 0x000000008c800000, 0x000000008c800000| Untracked 
| 127|0x000000008c900000, 0x000000008c900000, 0x000000008ca00000|  0%| F|  |TAMS 0x000000008c900000, 0x000000008c900000| Untracked 
| 128|0x000000008ca00000, 0x000000008ca00000, 0x000000008cb00000|  0%| F|  |TAMS 0x000000008ca00000, 0x000000008ca00000| Untracked 
| 129|0x000000008cb00000, 0x000000008cb00000, 0x000000008cc00000|  0%| F|  |TAMS 0x000000008cb00000, 0x000000008cb00000| Untracked 
| 130|0x000000008cc00000, 0x000000008cc00000, 0x000000008cd00000|  0%| F|  |TAMS 0x000000008cc00000, 0x000000008cc00000| Untracked 
| 131|0x000000008cd00000, 0x000000008cd00000, 0x000000008ce00000|  0%| F|  |TAMS 0x000000008cd00000, 0x000000008cd00000| Untracked 
| 132|0x000000008ce00000, 0x000000008ce00000, 0x000000008cf00000|  0%| F|  |TAMS 0x000000008ce00000, 0x000000008ce00000| Untracked 
| 133|0x000000008cf00000, 0x000000008cf00000, 0x000000008d000000|  0%| F|  |TAMS 0x000000008cf00000, 0x000000008cf00000| Untracked 
| 134|0x000000008d000000, 0x000000008d000000, 0x000000008d100000|  0%| F|  |TAMS 0x000000008d000000, 0x000000008d000000| Untracked 
| 135|0x000000008d100000, 0x000000008d100000, 0x000000008d200000|  0%| F|  |TAMS 0x000000008d100000, 0x000000008d100000| Untracked 
| 136|0x000000008d200000, 0x000000008d200000, 0x000000008d300000|  0%| F|  |TAMS 0x000000008d200000, 0x000000008d200000| Untracked 
| 137|0x000000008d300000, 0x000000008d300000, 0x000000008d400000|  0%| F|  |TAMS 0x000000008d300000, 0x000000008d300000| Untracked 
| 138|0x000000008d400000, 0x000000008d400000, 0x000000008d500000|  0%| F|  |TAMS 0x000000008d400000, 0x000000008d400000| Untracked 
| 139|0x000000008d500000, 0x000000008d500000, 0x000000008d600000|  0%| F|  |TAMS 0x000000008d500000, 0x000000008d500000| Untracked 
| 140|0x000000008d600000, 0x000000008d600000, 0x000000008d700000|  0%| F|  |TAMS 0x000000008d600000, 0x000000008d600000| Untracked 
| 141|0x000000008d700000, 0x000000008d700000, 0x000000008d800000|  0%| F|  |TAMS 0x000000008d700000, 0x000000008d700000| Untracked 
| 142|0x000000008d800000, 0x000000008d800000, 0x000000008d900000|  0%| F|  |TAMS 0x000000008d800000, 0x000000008d800000| Untracked 
| 143|0x000000008d900000, 0x000000008d900000, 0x000000008da00000|  0%| F|  |TAMS 0x000000008d900000, 0x000000008d900000| Untracked 
| 144|0x000000008da00000, 0x000000008da00000, 0x000000008db00000|  0%| F|  |TAMS 0x000000008da00000, 0x000000008da00000| Untracked 
| 145|0x000000008db00000, 0x000000008db00000, 0x000000008dc00000|  0%| F|  |TAMS 0x000000008db00000, 0x000000008db00000| Untracked 
| 146|0x000000008dc00000, 0x000000008dc00000, 0x000000008dd00000|  0%| F|  |TAMS 0x000000008dc00000, 0x000000008dc00000| Untracked 
| 147|0x000000008dd00000, 0x000000008dd00000, 0x000000008de00000|  0%| F|  |TAMS 0x000000008dd00000, 0x000000008dd00000| Untracked 
| 148|0x000000008de00000, 0x000000008de00000, 0x000000008df00000|  0%| F|  |TAMS 0x000000008de00000, 0x000000008de00000| Untracked 
|1970|0x00000000ffc00000, 0x00000000ffd00000, 0x00000000ffd00000|100%| O|  |TAMS 0x00000000ffc00000, 0x00000000ffd00000| Untracked 
|1971|0x00000000ffd00000, 0x00000000ffe00000, 0x00000000ffe00000|100%| O|  |TAMS 0x00000000ffd00000, 0x00000000ffe00000| Untracked 
|1972|0x00000000ffe00000, 0x00000000fff00000, 0x00000000fff00000|100%| O|  |TAMS 0x00000000ffe00000, 0x00000000fff00000| Untracked 
|1973|0x00000000fff00000, 0x0000000100000000, 0x0000000100000000|100%| O|  |TAMS 0x00000000fff00000, 0x0000000100000000| Untracked 

Card table byte_map: [0x0000017d75f80000,0x0000017d76360000] _byte_map_base: 0x0000017d75b5b000

Marking Bits (Prev, Next): (CMBitMap*) 0x0000017d6dac2d60, (CMBitMap*) 0x0000017d6dac2d20
 Prev Bits: [0x0000017d78620000, 0x0000017d7a4f8000)
 Next Bits: [0x0000017d76740000, 0x0000017d78618000)

Polling page: 0x0000017d6b940000

Metaspace:

Usage:
  Non-class:     23.53 MB used.
      Class:      3.00 MB used.
       Both:     26.53 MB used.

Virtual space:
  Non-class space:       64.00 MB reserved,      23.75 MB ( 37%) committed,  1 nodes.
      Class space:        1.00 GB reserved,       3.12 MB ( <1%) committed,  1 nodes.
             Both:        1.06 GB reserved,      26.88 MB (  2%) committed. 

Chunk freelists:
   Non-Class:  7.48 MB
       Class:  12.81 MB
        Both:  20.30 MB

MaxMetaspaceSize: unlimited
CompressedClassSpaceSize: 1.00 GB
Initial GC threshold: 21.00 MB
Current GC threshold: 35.75 MB
CDS: on
MetaspaceReclaimPolicy: balanced
 - commit_granule_bytes: 65536.
 - commit_granule_words: 8192.
 - virtual_space_node_default_size: 8388608.
 - enlarge_chunks_in_place: 1.
 - new_chunks_are_fully_committed: 0.
 - uncommit_free_chunks: 1.
 - use_allocation_guard: 0.
 - handle_deallocations: 1.


Internal statistics:

num_allocs_failed_limit: 6.
num_arena_births: 198.
num_arena_deaths: 0.
num_vsnodes_births: 2.
num_vsnodes_deaths: 0.
num_space_committed: 430.
num_space_uncommitted: 0.
num_chunks_returned_to_freelist: 6.
num_chunks_taken_from_freelist: 1218.
num_chunk_merges: 6.
num_chunk_splits: 838.
num_chunks_enlarged: 627.
num_inconsistent_stats: 0.

CodeHeap 'non-profiled nmethods': size=119168Kb used=3293Kb max_used=3293Kb free=115874Kb
 bounds [0x0000017d07ba0000, 0x0000017d07ee0000, 0x0000017d0f000000]
CodeHeap 'profiled nmethods': size=119104Kb used=13875Kb max_used=13875Kb free=105228Kb
 bounds [0x0000017d00000000, 0x0000017d00d90000, 0x0000017d07450000]
CodeHeap 'non-nmethods': size=7488Kb used=2906Kb max_used=2955Kb free=4582Kb
 bounds [0x0000017d07450000, 0x0000017d07740000, 0x0000017d07ba0000]
 total_blobs=6740 nmethods=6234 adapters=415
 compilation: enabled
              stopped_count=0, restarted_count=0
 full_count=0

Compilation events (20 events):
Event: 4.875 Thread 0x0000017d7e1784a0 nmethod 7046 0x0000017d00d89310 code [0x0000017d00d894a0, 0x0000017d00d89618]
Event: 4.875 Thread 0x0000017d7dd1da70 nmethod 7045 0x0000017d00d89690 code [0x0000017d00d89840, 0x0000017d00d89b38]
Event: 4.875 Thread 0x0000017d7d49ce80 nmethod 7044 0x0000017d00d89c90 code [0x0000017d00d89e40, 0x0000017d00d8a1f8]
Event: 4.876 Thread 0x0000017d7d49ce80 7049       3       com.sun.tools.javac.file.JavacFileManager$ArchiveContainer::list (57 bytes)
Event: 4.876 Thread 0x0000017d7dd1da70 7051       3       java.nio.file.SimpleFileVisitor::<init> (5 bytes)
Event: 4.876 Thread 0x0000017d7e1784a0 7050       3       com.sun.tools.javac.file.JavacFileManager$ArchiveContainer$1::<init> (20 bytes)
Event: 4.876 Thread 0x0000017d7d4ce0c0 7052       3       jdk.nio.zipfs.ZipFileSystem$Entry::isDirectory (5 bytes)
Event: 4.877 Thread 0x0000017d7dd1da70 nmethod 7051 0x0000017d00d8a390 code [0x0000017d00d8a520, 0x0000017d00d8a678]
Event: 4.877 Thread 0x0000017d7d4ce0c0 nmethod 7052 0x0000017d00d8a710 code [0x0000017d00d8a8a0, 0x0000017d00d8aa58]
Event: 4.877 Thread 0x0000017d7dd1da70 7053       3       com.sun.tools.javac.file.JavacFileManager$ArchiveContainer$1::preVisitDirectory (10 bytes)
Event: 4.877 Thread 0x0000017d7d4ce0c0 7054       3       com.sun.tools.javac.file.JavacFileManager$ArchiveContainer$1::preVisitDirectory (24 bytes)
Event: 4.877 Thread 0x0000017d7e1784a0 nmethod 7050 0x0000017d00d8ab10 code [0x0000017d00d8acc0, 0x0000017d00d8af98]
Event: 4.877 Thread 0x0000017d7d49ce80 nmethod 7049 0x0000017d00d8b090 code [0x0000017d00d8b280, 0x0000017d00d8b938]
Event: 4.877 Thread 0x0000017d7d4ce0c0 nmethod 7054 0x0000017d00d8bb10 code [0x0000017d00d8bce0, 0x0000017d00d8bf78]
Event: 4.877 Thread 0x0000017d7dd1da70 nmethod 7053 0x0000017d00d8c090 code [0x0000017d00d8c260, 0x0000017d00d8c678]
Event: 4.878 Thread 0x0000017d7dd1da70 7056       3       com.sun.tools.javac.jvm.ClassReader::readField (61 bytes)
Event: 4.878 Thread 0x0000017d7e1784a0 7057       3       com.sun.tools.javac.jvm.ClassReader$AnnotationDeproxy::<init> (15 bytes)
Event: 4.878 Thread 0x0000017d7d49ce80 7058       3       com.sun.tools.javac.code.Types::capture (556 bytes)
Event: 4.878 Thread 0x0000017d7e1784a0 nmethod 7057 0x0000017d00d8c810 code [0x0000017d00d8c9c0, 0x0000017d00d8cbd8]
Event: 4.878 Thread 0x0000017d7dd1da70 nmethod 7056 0x0000017d00d8cc90 code [0x0000017d00d8cfa0, 0x0000017d00d8e468]

GC Heap History (17 events):
Event: 0.582 GC heap before
{Heap before GC invocations=0 (full 0):
 garbage-first heap   total 126976K, used 22528K [0x0000000084a00000, 0x0000000100000000)
  region size 1024K, 23 young (23552K), 0 survivors (0K)
 Metaspace       used 5422K, committed 5632K, reserved 1114112K
  class space    used 646K, committed 768K, reserved 1048576K
}
Event: 0.590 GC heap after
{Heap after GC invocations=1 (full 0):
 garbage-first heap   total 126976K, used 3868K [0x0000000084a00000, 0x0000000100000000)
  region size 1024K, 3 young (3072K), 3 survivors (3072K)
 Metaspace       used 5422K, committed 5632K, reserved 1114112K
  class space    used 646K, committed 768K, reserved 1048576K
}
Event: 0.957 GC heap before
{Heap before GC invocations=1 (full 0):
 garbage-first heap   total 126976K, used 35612K [0x0000000084a00000, 0x0000000100000000)
  region size 1024K, 34 young (34816K), 3 survivors (3072K)
 Metaspace       used 9091K, committed 9216K, reserved 1114112K
  class space    used 1086K, committed 1152K, reserved 1048576K
}
Event: 0.962 GC heap after
{Heap after GC invocations=2 (full 0):
 garbage-first heap   total 126976K, used 5221K [0x0000000084a00000, 0x0000000100000000)
  region size 1024K, 2 young (2048K), 2 survivors (2048K)
 Metaspace       used 9091K, committed 9216K, reserved 1114112K
  class space    used 1086K, committed 1152K, reserved 1048576K
}
Event: 2.132 GC heap before
{Heap before GC invocations=2 (full 0):
 garbage-first heap   total 126976K, used 78949K [0x0000000084a00000, 0x0000000100000000)
  region size 1024K, 74 young (75776K), 2 survivors (2048K)
 Metaspace       used 15667K, committed 15808K, reserved 1114112K
  class space    used 1853K, committed 1920K, reserved 1048576K
}
Event: 2.145 GC heap after
{Heap after GC invocations=3 (full 0):
 garbage-first heap   total 126976K, used 13392K [0x0000000084a00000, 0x0000000100000000)
  region size 1024K, 10 young (10240K), 10 survivors (10240K)
 Metaspace       used 15667K, committed 15808K, reserved 1114112K
  class space    used 1853K, committed 1920K, reserved 1048576K
}
Event: 2.643 GC heap before
{Heap before GC invocations=3 (full 0):
 garbage-first heap   total 126976K, used 78928K [0x0000000084a00000, 0x0000000100000000)
  region size 1024K, 74 young (75776K), 10 survivors (10240K)
 Metaspace       used 16347K, committed 16640K, reserved 1114112K
  class space    used 1862K, committed 1984K, reserved 1048576K
}
Event: 2.660 GC heap after
{Heap after GC invocations=4 (full 0):
 garbage-first heap   total 126976K, used 15797K [0x0000000084a00000, 0x0000000100000000)
  region size 1024K, 3 young (3072K), 3 survivors (3072K)
 Metaspace       used 16347K, committed 16640K, reserved 1114112K
  class space    used 1862K, committed 1984K, reserved 1048576K
}
Event: 3.552 GC heap before
{Heap before GC invocations=4 (full 0):
 garbage-first heap   total 126976K, used 112053K [0x0000000084a00000, 0x0000000100000000)
  region size 1024K, 66 young (67584K), 3 survivors (3072K)
 Metaspace       used 17813K, committed 18112K, reserved 1114112K
  class space    used 2019K, committed 2176K, reserved 1048576K
}
Event: 3.564 GC heap after
{Heap after GC invocations=5 (full 0):
 garbage-first heap   total 152576K, used 19072K [0x0000000084a00000, 0x0000000100000000)
  region size 1024K, 6 young (6144K), 6 survivors (6144K)
 Metaspace       used 17813K, committed 18112K, reserved 1114112K
  class space    used 2019K, committed 2176K, reserved 1048576K
}
Event: 4.050 GC heap before
{Heap before GC invocations=5 (full 0):
 garbage-first heap   total 152576K, used 48768K [0x0000000084a00000, 0x0000000100000000)
  region size 1024K, 32 young (32768K), 6 survivors (6144K)
 Metaspace       used 21219K, committed 21504K, reserved 1114112K
  class space    used 2426K, committed 2560K, reserved 1048576K
}
Event: 4.064 GC heap after
{Heap after GC invocations=6 (full 0):
 garbage-first heap   total 152576K, used 26877K [0x0000000084a00000, 0x0000000100000000)
  region size 1024K, 10 young (10240K), 10 survivors (10240K)
 Metaspace       used 21219K, committed 21504K, reserved 1114112K
  class space    used 2426K, committed 2560K, reserved 1048576K
}
Event: 4.605 GC heap before
{Heap before GC invocations=7 (full 0):
 garbage-first heap   total 96256K, used 75005K [0x0000000084a00000, 0x0000000100000000)
  region size 1024K, 56 young (57344K), 10 survivors (10240K)
 Metaspace       used 26267K, committed 26560K, reserved 1114112K
  class space    used 2994K, committed 3136K, reserved 1048576K
}
Event: 4.627 GC heap after
{Heap after GC invocations=8 (full 0):
 garbage-first heap   total 100352K, used 40554K [0x0000000084a00000, 0x0000000100000000)
  region size 1024K, 7 young (7168K), 7 survivors (7168K)
 Metaspace       used 26267K, committed 26560K, reserved 1114112K
  class space    used 2994K, committed 3136K, reserved 1048576K
}
Event: 4.640 GC heap before
{Heap before GC invocations=8 (full 0):
 garbage-first heap   total 100352K, used 41578K [0x0000000084a00000, 0x0000000100000000)
  region size 1024K, 8 young (8192K), 7 survivors (7168K)
 Metaspace       used 26267K, committed 26560K, reserved 1114112K
  class space    used 2994K, committed 3136K, reserved 1048576K
}
Event: 4.652 GC heap after
{Heap after GC invocations=9 (full 0):
 garbage-first heap   total 100352K, used 41472K [0x0000000084a00000, 0x0000000100000000)
  region size 1024K, 1 young (1024K), 1 survivors (1024K)
 Metaspace       used 26267K, committed 26560K, reserved 1114112K
  class space    used 2994K, committed 3136K, reserved 1048576K
}
Event: 4.879 GC heap before
{Heap before GC invocations=9 (full 0):
 garbage-first heap   total 100352K, used 71168K [0x0000000084a00000, 0x0000000100000000)
  region size 1024K, 30 young (30720K), 1 survivors (1024K)
 Metaspace       used 27167K, committed 27520K, reserved 1114112K
  class space    used 3073K, committed 3200K, reserved 1048576K
}

Deoptimization events (20 events):
Event: 4.760 Thread 0x0000017d6da61a60 DEOPT PACKING pc=0x0000017d07ccd6e0 sp=0x00000073244fc250
Event: 4.760 Thread 0x0000017d6da61a60 DEOPT UNPACKING pc=0x0000017d074a5ba3 sp=0x00000073244fc1e0 mode 2
Event: 4.760 Thread 0x0000017d6da61a60 Uncommon trap: trap_request=0xffffff45 fr.pc=0x0000017d07c764e4 relative=0x0000000000000c44
Event: 4.760 Thread 0x0000017d6da61a60 Uncommon trap: reason=unstable_if action=reinterpret pc=0x0000017d07c764e4 method=java.util.regex.Pattern.atom()Ljava/util/regex/Pattern$Node; @ 14 c2
Event: 4.760 Thread 0x0000017d6da61a60 DEOPT PACKING pc=0x0000017d07c764e4 sp=0x00000073244fbf00
Event: 4.760 Thread 0x0000017d6da61a60 DEOPT UNPACKING pc=0x0000017d074a5ba3 sp=0x00000073244fbea8 mode 2
Event: 4.760 Thread 0x0000017d6da61a60 Uncommon trap: trap_request=0xffffff45 fr.pc=0x0000017d07c3a6b4 relative=0x00000000000007f4
Event: 4.760 Thread 0x0000017d6da61a60 Uncommon trap: reason=unstable_if action=reinterpret pc=0x0000017d07c3a6b4 method=jdk.internal.jimage.ImageStringsReader.stringFromByteBuffer(Ljava/nio/ByteBuffer;I)Ljava/lang/String; @ 7 c2
Event: 4.761 Thread 0x0000017d6da61a60 DEOPT PACKING pc=0x0000017d07c3a6b4 sp=0x00000073244fbb10
Event: 4.761 Thread 0x0000017d6da61a60 DEOPT UNPACKING pc=0x0000017d074a5ba3 sp=0x00000073244fbac8 mode 2
Event: 4.785 Thread 0x0000017d6da61a60 DEOPT PACKING pc=0x0000017d000b484a sp=0x00000073244fc320
Event: 4.785 Thread 0x0000017d6da61a60 DEOPT UNPACKING pc=0x0000017d074a66e3 sp=0x00000073244fb7c8 mode 0
Event: 4.788 Thread 0x0000017d6da61a60 Uncommon trap: trap_request=0xffffff45 fr.pc=0x0000017d07ebe234 relative=0x00000000000008d4
Event: 4.788 Thread 0x0000017d6da61a60 Uncommon trap: reason=unstable_if action=reinterpret pc=0x0000017d07ebe234 method=jdk.internal.jimage.ImageStringsReader.stringFromByteBuffer(Ljava/nio/ByteBuffer;I)Ljava/lang/String; @ 7 c2
Event: 4.788 Thread 0x0000017d6da61a60 DEOPT PACKING pc=0x0000017d07ebe234 sp=0x00000073244fbad0
Event: 4.788 Thread 0x0000017d6da61a60 DEOPT UNPACKING pc=0x0000017d074a5ba3 sp=0x00000073244fb960 mode 2
Event: 4.803 Thread 0x0000017d6da61a60 Uncommon trap: trap_request=0xffffff45 fr.pc=0x0000017d07c73df4 relative=0x0000000000000834
Event: 4.803 Thread 0x0000017d6da61a60 Uncommon trap: reason=unstable_if action=reinterpret pc=0x0000017d07c73df4 method=jdk.internal.jimage.ImageStringsReader.stringFromByteBuffer(Ljava/nio/ByteBuffer;I)Ljava/lang/String; @ 7 c2
Event: 4.803 Thread 0x0000017d6da61a60 DEOPT PACKING pc=0x0000017d07c73df4 sp=0x00000073244fba60
Event: 4.803 Thread 0x0000017d6da61a60 DEOPT UNPACKING pc=0x0000017d074a5ba3 sp=0x00000073244fb9b0 mode 2

Classes unloaded (0 events):
No events

Classes redefined (0 events):
No events

Internal exceptions (20 events):
Event: 4.875 Thread 0x0000017d6da61a60 Exception <a 'sun/nio/fs/WindowsException'{0x0000000088a778a0}> (0x0000000088a778a0) 
thrown [s\open\src\hotspot\share\prims\jni.cpp, line 516]
Event: 4.875 Thread 0x0000017d6da61a60 Exception <a 'sun/nio/fs/WindowsException'{0x0000000088a77b70}> (0x0000000088a77b70) 
thrown [s\open\src\hotspot\share\prims\jni.cpp, line 516]
Event: 4.875 Thread 0x0000017d6da61a60 Exception <a 'sun/nio/fs/WindowsException'{0x0000000088a82068}> (0x0000000088a82068) 
thrown [s\open\src\hotspot\share\prims\jni.cpp, line 516]
Event: 4.875 Thread 0x0000017d6da61a60 Exception <a 'sun/nio/fs/WindowsException'{0x0000000088a822f8}> (0x0000000088a822f8) 
thrown [s\open\src\hotspot\share\prims\jni.cpp, line 516]
Event: 4.876 Thread 0x0000017d6da61a60 Exception <a 'sun/nio/fs/WindowsException'{0x0000000088a9e450}> (0x0000000088a9e450) 
thrown [s\open\src\hotspot\share\prims\jni.cpp, line 516]
Event: 4.876 Thread 0x0000017d6da61a60 Exception <a 'sun/nio/fs/WindowsException'{0x0000000088a9e720}> (0x0000000088a9e720) 
thrown [s\open\src\hotspot\share\prims\jni.cpp, line 516]
Event: 4.876 Thread 0x0000017d6da61a60 Exception <a 'sun/nio/fs/WindowsException'{0x0000000088aa5810}> (0x0000000088aa5810) 
thrown [s\open\src\hotspot\share\prims\jni.cpp, line 516]
Event: 4.876 Thread 0x0000017d6da61a60 Exception <a 'sun/nio/fs/WindowsException'{0x0000000088aa5b08}> (0x0000000088aa5b08) 
thrown [s\open\src\hotspot\share\prims\jni.cpp, line 516]
Event: 4.876 Thread 0x0000017d6da61a60 Exception <a 'sun/nio/fs/WindowsException'{0x0000000088aacb38}> (0x0000000088aacb38) 
thrown [s\open\src\hotspot\share\prims\jni.cpp, line 516]
Event: 4.876 Thread 0x0000017d6da61a60 Exception <a 'sun/nio/fs/WindowsException'{0x0000000088aacdd8}> (0x0000000088aacdd8) 
thrown [s\open\src\hotspot\share\prims\jni.cpp, line 516]
Event: 4.877 Thread 0x0000017d6da61a60 Exception <a 'sun/nio/fs/WindowsException'{0x0000000088ac0920}> (0x0000000088ac0920) 
thrown [s\open\src\hotspot\share\prims\jni.cpp, line 516]
Event: 4.877 Thread 0x0000017d6da61a60 Exception <a 'sun/nio/fs/WindowsException'{0x0000000088ac0c10}> (0x0000000088ac0c10) 
thrown [s\open\src\hotspot\share\prims\jni.cpp, line 516]
Event: 4.878 Thread 0x0000017d6da61a60 Exception <a 'sun/nio/fs/WindowsException'{0x0000000088ae4420}> (0x0000000088ae4420) 
thrown [s\open\src\hotspot\share\prims\jni.cpp, line 516]
Event: 4.878 Thread 0x0000017d6da61a60 Exception <a 'sun/nio/fs/WindowsException'{0x0000000088ae4768}> (0x0000000088ae4768) 
thrown [s\open\src\hotspot\share\prims\jni.cpp, line 516]
Event: 4.878 Thread 0x0000017d6da61a60 Exception <a 'sun/nio/fs/WindowsException'{0x0000000088aea810}> (0x0000000088aea810) 
thrown [s\open\src\hotspot\share\prims\jni.cpp, line 516]
Event: 4.878 Thread 0x0000017d6da61a60 Exception <a 'sun/nio/fs/WindowsException'{0x0000000088aeab08}> (0x0000000088aeab08) 
thrown [s\open\src\hotspot\share\prims\jni.cpp, line 516]
Event: 4.879 Thread 0x0000017d6da61a60 Exception <a 'sun/nio/fs/WindowsException'{0x0000000088af83d8}> (0x0000000088af83d8) 
thrown [s\open\src\hotspot\share\prims\jni.cpp, line 516]
Event: 4.879 Thread 0x0000017d6da61a60 Exception <a 'sun/nio/fs/WindowsException'{0x0000000088af8718}> (0x0000000088af8718) 
thrown [s\open\src\hotspot\share\prims\jni.cpp, line 516]
Event: 4.879 Thread 0x0000017d6da61a60 Exception <a 'sun/nio/fs/WindowsException'{0x0000000088afaa88}> (0x0000000088afaa88) 
thrown [s\open\src\hotspot\share\prims\jni.cpp, line 516]
Event: 4.879 Thread 0x0000017d6da61a60 Exception <a 'sun/nio/fs/WindowsException'{0x0000000088afae00}> (0x0000000088afae00) 
thrown [s\open\src\hotspot\share\prims\jni.cpp, line 516]

VM Operations (20 events):
Event: 4.064 Executing VM operation: CollectForMetadataAllocation done
Event: 4.077 Executing VM operation: CollectForMetadataAllocation
Event: 4.077 Executing VM operation: CollectForMetadataAllocation done
Event: 4.079 Executing VM operation: G1Concurrent
Event: 4.084 Executing VM operation: G1Concurrent done
Event: 4.089 Executing VM operation: G1Concurrent
Event: 4.095 Executing VM operation: G1Concurrent done
Event: 4.224 Executing VM operation: HandshakeAllThreads
Event: 4.224 Executing VM operation: HandshakeAllThreads done
Event: 4.605 Executing VM operation: G1CollectForAllocation
Event: 4.627 Executing VM operation: G1CollectForAllocation done
Event: 4.640 Executing VM operation: G1CollectForAllocation
Event: 4.652 Executing VM operation: G1CollectForAllocation done
Event: 4.677 Executing VM operation: HandshakeAllThreads
Event: 4.677 Executing VM operation: HandshakeAllThreads done
Event: 4.761 Executing VM operation: HandshakeAllThreads
Event: 4.761 Executing VM operation: HandshakeAllThreads done
Event: 4.806 Executing VM operation: ICBufferFull
Event: 4.806 Executing VM operation: ICBufferFull done
Event: 4.879 Executing VM operation: G1CollectForAllocation

Events (20 events):
Event: 4.712 loading class java/util/stream/StreamSpliterators$WrappingSpliterator
Event: 4.713 loading class java/util/stream/StreamSpliterators$AbstractWrappingSpliterator
Event: 4.713 loading class java/util/stream/StreamSpliterators$AbstractWrappingSpliterator done
Event: 4.713 loading class java/util/stream/StreamSpliterators$WrappingSpliterator done
Event: 4.713 loading class jdk/internal/jrtfs/JrtDirectoryStream$1
Event: 4.713 loading class jdk/internal/jrtfs/JrtDirectoryStream$1 done
Event: 4.713 loading class java/util/stream/StreamSpliterators
Event: 4.713 loading class java/util/stream/StreamSpliterators done
Event: 4.714 loading class java/util/function/BooleanSupplier
Event: 4.714 loading class java/util/function/BooleanSupplier done
Event: 4.727 loading class java/nio/file/SimpleFileVisitor
Event: 4.727 loading class java/nio/file/SimpleFileVisitor done
Event: 4.727 loading class java/nio/file/FileTreeWalker$1
Event: 4.727 loading class java/nio/file/FileTreeWalker$1 done
Event: 4.727 loading class java/nio/file/Files$3
Event: 4.727 loading class java/nio/file/Files$3 done
Event: 4.727 loading class java/nio/file/FileVisitResult
Event: 4.727 loading class java/nio/file/FileVisitResult done
Event: 4.761 loading class jdk/internal/jimage/ImageReader$LinkNode
Event: 4.761 loading class jdk/internal/jimage/ImageReader$LinkNode done


Dynamic libraries:
0x00007ff611960000 - 0x00007ff611970000 	C:\Program Files\Java\jdk-17\bin\java.exe
0x00007ff95fe60000 - 0x00007ff9600c7000 	C:\Windows\SYSTEM32\ntdll.dll
0x00007ff95df80000 - 0x00007ff95e049000 	C:\Windows\System32\KERNEL32.DLL
0x00007ff95c730000 - 0x00007ff95cb24000 	C:\Windows\System32\KERNELBASE.dll
0x00007ff95d790000 - 0x00007ff95d8db000 	C:\Windows\System32\ucrtbase.dll
0x00007ff945ef0000 - 0x00007ff945f0b000 	C:\Program Files\Java\jdk-17\bin\VCRUNTIME140.dll
0x00007ff9459c0000 - 0x00007ff9459d9000 	C:\Program Files\Java\jdk-17\bin\jli.dll
0x00007ff95ee90000 - 0x00007ff95ef46000 	C:\Windows\System32\ADVAPI32.dll
0x00007ff95ec00000 - 0x00007ff95eca9000 	C:\Windows\System32\msvcrt.dll
0x00007ff95ea00000 - 0x00007ff95eaa7000 	C:\Windows\System32\sechost.dll
0x00007ff95e280000 - 0x00007ff95e398000 	C:\Windows\System32\RPCRT4.dll
0x00007ff95e830000 - 0x00007ff95e9f5000 	C:\Windows\System32\USER32.dll
0x00007ff95db00000 - 0x00007ff95db27000 	C:\Windows\System32\win32u.dll
0x00007ff945a80000 - 0x00007ff945d13000 	C:\Windows\WinSxS\amd64_microsoft.windows.common-controls_6595b64144ccf1df_6.0.26100.8115_none_3e075c82e3354f9c\COMCTL32.dll
0x00007ff95fb70000 - 0x00007ff95fb9b000 	C:\Windows\System32\GDI32.dll
0x00007ff95d660000 - 0x00007ff95d78a000 	C:\Windows\System32\gdi32full.dll
0x00007ff95da50000 - 0x00007ff95daf3000 	C:\Windows\System32\msvcp_win.dll
0x00007ff94e0f0000 - 0x00007ff94e0fb000 	C:\Windows\SYSTEM32\VERSION.dll
0x00007ff95fa30000 - 0x00007ff95fa62000 	C:\Windows\System32\IMM32.DLL
0x00007ff946330000 - 0x00007ff94633c000 	C:\Program Files\Java\jdk-17\bin\vcruntime140_1.dll
0x00007ff92ab60000 - 0x00007ff92abee000 	C:\Program Files\Java\jdk-17\bin\msvcp140.dll
0x00007ff8b36b0000 - 0x00007ff8b4290000 	C:\Program Files\Java\jdk-17\bin\server\jvm.dll
0x00007ff95ed20000 - 0x00007ff95ed28000 	C:\Windows\System32\PSAPI.DLL
0x00007ff9425e0000 - 0x00007ff9425ea000 	C:\Windows\SYSTEM32\WSOCK32.dll
0x00007ff94a370000 - 0x00007ff94a3a6000 	C:\Windows\SYSTEM32\WINMM.dll
0x00007ff95e1f0000 - 0x00007ff95e270000 	C:\Windows\System32\WS2_32.dll
0x00007ff95b490000 - 0x00007ff95b4ab000 	C:\Windows\SYSTEM32\kernel.appcore.dll
0x00007ff946100000 - 0x00007ff94610a000 	C:\Program Files\Java\jdk-17\bin\jimage.dll
0x00007ff95a5b0000 - 0x00007ff95a7f2000 	C:\Windows\SYSTEM32\DBGHELP.DLL
0x00007ff95dbf0000 - 0x00007ff95df72000 	C:\Windows\System32\combase.dll
0x00007ff95f940000 - 0x00007ff95fa17000 	C:\Windows\System32\OLEAUT32.dll
0x00007ff947300000 - 0x00007ff94733b000 	C:\Windows\SYSTEM32\dbgcore.DLL
0x00007ff95d3a0000 - 0x00007ff95d445000 	C:\Windows\System32\bcryptPrimitives.dll
0x00007ff9450e0000 - 0x00007ff945105000 	C:\Program Files\Java\jdk-17\bin\java.dll
0x00007ff8e70c0000 - 0x00007ff8e7197000 	C:\Program Files\Java\jdk-17\bin\jsvml.dll
0x00007ff95f060000 - 0x00007ff95f7c6000 	C:\Windows\System32\SHELL32.dll
0x00007ff95d8e0000 - 0x00007ff95da4a000 	C:\Windows\System32\wintypes.dll
0x00007ff95cb30000 - 0x00007ff95d395000 	C:\Windows\System32\windows.storage.dll
0x00007ff95f7d0000 - 0x00007ff95f8c7000 	C:\Windows\System32\SHCORE.dll
0x00007ff95f8d0000 - 0x00007ff95f936000 	C:\Windows\System32\shlwapi.dll
0x00007ff95c650000 - 0x00007ff95c679000 	C:\Windows\SYSTEM32\profapi.dll
0x00007ff944f40000 - 0x00007ff944f59000 	C:\Program Files\Java\jdk-17\bin\net.dll
0x00007ff954220000 - 0x00007ff95434d000 	C:\Windows\SYSTEM32\WINHTTP.dll
0x00007ff95ba30000 - 0x00007ff95ba9c000 	C:\Windows\system32\mswsock.dll
0x00007ff944f20000 - 0x00007ff944f36000 	C:\Program Files\Java\jdk-17\bin\nio.dll
0x00007ff944f00000 - 0x00007ff944f18000 	C:\Program Files\Java\jdk-17\bin\zip.dll
0x00007ff942a30000 - 0x00007ff942a54000 	C:\Users\thuan\.m2\wrapper\dists\apache-maven-3.9.14\ed7edd442f634ac1c1ef5ba2b61b6d690b5221091f1a8e1123f5fadcc967520d\lib\jansi-native\Windows\x86_64\jansi.dll
0x00007ff945e70000 - 0x00007ff945e80000 	C:\Program Files\Java\jdk-17\bin\verify.dll

dbghelp: loaded successfully - version: 4.0.5 - missing functions: none
symbol engine: initialized successfully - sym options: 0x614 - pdb path: .;C:\Program Files\Java\jdk-17\bin;C:\Windows\SYSTEM32;C:\Windows\WinSxS\amd64_microsoft.windows.common-controls_6595b64144ccf1df_6.0.26100.8115_none_3e075c82e3354f9c;C:\Program Files\Java\jdk-17\bin\server;C:\Users\thuan\.m2\wrapper\dists\apache-maven-3.9.14\ed7edd442f634ac1c1ef5ba2b61b6d690b5221091f1a8e1123f5fadcc967520d\lib\jansi-native\Windows\x86_64

VM Arguments:
jvm_args: --enable-native-access=ALL-UNNAMED -Dclassworlds.conf=C:\Users\thuan\.m2\wrapper\dists\apache-maven-3.9.14\ed7edd442f634ac1c1ef5ba2b61b6d690b5221091f1a8e1123f5fadcc967520d\bin\m2.conf -Dmaven.home=C:\Users\thuan\.m2\wrapper\dists\apache-maven-3.9.14\ed7edd442f634ac1c1ef5ba2b61b6d690b5221091f1a8e1123f5fadcc967520d -Dlibrary.jansi.path=C:\Users\thuan\.m2\wrapper\dists\apache-maven-3.9.14\ed7edd442f634ac1c1ef5ba2b61b6d690b5221091f1a8e1123f5fadcc967520d\lib\jansi-native -Dmaven.multiModuleProjectDirectory=D:\HuuThuan - Project\SAM\BE-SAM-Editor 
java_command: org.codehaus.plexus.classworlds.launcher.Launcher spring-boot:run
java_class_path (initial): C:\Users\thuan\.m2\wrapper\dists\apache-maven-3.9.14\ed7edd442f634ac1c1ef5ba2b61b6d690b5221091f1a8e1123f5fadcc967520d\boot\plexus-classworlds-2.9.0.jar
Launcher Type: SUN_STANDARD

[Global flags]
     intx CICompilerCount                          = 12                                        {product} {ergonomic}
     uint ConcGCThreads                            = 3                                         {product} {ergonomic}
     uint G1ConcRefinementThreads                  = 13                                        {product} {ergonomic}
   size_t G1HeapRegionSize                         = 1048576                                   {product} {ergonomic}
    uintx GCDrainStackTargetSize                   = 64                                        {product} {ergonomic}
   size_t InitialHeapSize                          = 130023424                                 {product} {ergonomic}
   size_t MarkStackSize                            = 4194304                                   {product} {ergonomic}
   size_t MaxHeapSize                              = 2069889024                                {product} {ergonomic}
   size_t MaxNewSize                               = 1241513984                                {product} {ergonomic}
   size_t MinHeapDeltaBytes                        = 1048576                                   {product} {ergonomic}
   size_t MinHeapSize                              = 8388608                                   {product} {ergonomic}
    uintx NonNMethodCodeHeapSize                   = 7602480                                {pd product} {ergonomic}
    uintx NonProfiledCodeHeapSize                  = 122027880                              {pd product} {ergonomic}
    uintx ProfiledCodeHeapSize                     = 122027880                              {pd product} {ergonomic}
    uintx ReservedCodeCacheSize                    = 251658240                              {pd product} {ergonomic}
     bool SegmentedCodeCache                       = true                                      {product} {ergonomic}
   size_t SoftMaxHeapSize                          = 2069889024                             {manageable} {ergonomic}
     bool UseCompressedClassPointers               = true                           {product lp64_product} {ergonomic}
     bool UseCompressedOops                        = true                           {product lp64_product} {ergonomic}
     bool UseG1GC                                  = true                                      {product} {ergonomic}
     bool UseLargePagesIndividualAllocation        = false                                  {pd product} {ergonomic}

Logging:
Log output configuration:
 #0: stdout all=warning uptime,level,tags
 #1: stderr all=off uptime,level,tags

Environment Variables:
JAVA_HOME=C:\Program Files\Java\jdk-17
PATH=C:\Program Files\Common Files\Oracle\Java\javapath;C:\Program Files (x86)\Common Files\Oracle\Java\javapath;C:\Windows\system32;C:\Windows;C:\Windows\System32\Wbem;C:\Windows\System32\WindowsPowerShell\v1.0\;C:\Windows\System32\OpenSSH\;C:\Program Files (x86)\NVIDIA Corporation\PhysX\Common;C:\Program Files\NVIDIA Corporation\NVIDIA NvDLISR;C:\Windows\system32;C:\Windows;C:\Windows\System32\Wbem;C:\Windows\System32\WindowsPowerShell\v1.0\;C:\Windows\System32\OpenSSH\;C:\Program Files\Microsoft SQL Server\170\Tools\Binn\;C:\Program Files\Microsoft SQL Server\Client SDK\ODBC\170\Tools\Binn\;C:\Program Files\nodejs\;C:\Program Files\Git\cmd;C:\Program Files\Cloudflare\Cloudflare WARP\;C:\Program Files (x86)\Windows Kits\10\Windows Performance Toolkit\;C:\Program Files (x86)\Microsoft SQL Server\160\Tools\Binn\;C:\Program Files\Microsoft SQL Server\160\Tools\Binn\;C:\Program Files\Microsoft SQL Server\160\DTS\Binn\;C:\Program Files\dotnet\;C:\Program Files\Docker\Docker\resources\bin;C:\Users\thuan\scoop\shims;C:\Program Files\MySQL\MySQL Shell 8.0\bin\;C:\Users\thuan\AppData\Local\Microsoft\WindowsApps;C:\Users\thuan\AppData\Local\Programs\Microsoft VS Code\bin;C:\Users\thuan\AppData\Roaming\npm;C:\Users\thuan\.dotnet\tools;C:\Program Files\Java\jdk-17\bin;C:\Users\thuan\.dotnet\tools;C:\Users\thuan\AppData\Local\Programs\cursor\resources\app\bin;C:\Users\thuan\AppData\Local\Python\bin
USERNAME=thuan
LANG=en_US.UTF-8
OS=Windows_NT
PROCESSOR_IDENTIFIER=Intel64 Family 6 Model 141 Stepping 1, GenuineIntel



---------------  S Y S T E M  ---------------

OS:
 Windows 11 , 64 bit Build 26100 (10.0.26100.8115)
OS uptime: 1 days 23:36 hours
Hyper-V role detected

CPU: total 16 (initial active 16) (8 cores per cpu, 2 threads per core) family 6 model 141 stepping 1 microcode 0x34, cx8, cmov, fxsr, ht, mmx, 3dnowpref, sse, sse2, sse3, ssse3, sse4.1, sse4.2, popcnt, lzcnt, tsc, tscinvbit, avx, avx2, aes, erms, clmul, bmi1, bmi2, adx, avx512f, avx512dq, avx512cd, avx512bw, avx512vl, sha, fma, vzeroupper, avx512_vpopcntdq, avx512_vpclmulqdq, avx512_vaes, avx512_vnni, clflush, clflushopt, clwb, avx512_vbmi2, avx512_vbmi, hv

Memory: 4k page, system-wide physical 7893M (731M free)
TotalPageFile size 32469M (AvailPageFile size 5M)
current process WorkingSet (physical memory assigned to process): 222M, peak: 265M
current process commit charge ("private bytes"): 323M, peak: 381M

vm_info: Java HotSpot(TM) 64-Bit Server VM (17.0.12+8-LTS-286) for windows-amd64 JRE (17.0.12+8-LTS-286), built on Jun  5 2024 06:46:59 by "mach5one" with MS VC++ 17.6 (VS2022)

END.
